3.744439	0.00417934493	-0.034906585	0.00417934493	0	
3.752742	0.00540027337	-0.0261799388	0.00540027337	0	
3.762911	0.0075727064	-0.0261799388	0.0075727064	0	
3.772963	0.0103251722	-0.0174532925	0.0103251722	0	
3.783068	0.013704656	-0.00872664626	0.013704656	0	
3.793256	0.0177389177	0	0.0177389177	0	
3.803375	0.0223583749	0.00872664626	0.0223583749	0	
3.813488	0.0275875746	0.0174532925	0.0275875746	0	
3.823636	0.0334518208	0.0261799388	0.0334518208	0	
3.83378	0.039932863	0.034906585	0.039932863	0	
3.844256	0.0473515701	0.0436332313	0.0473515701	0	
3.854102	0.0547855511	0.0610865238	0.0547855511	0.00872664626	
3.86425	0.0631186846	0.0698131701	0.0631186846	0.0174532925	
3.874427	0.0721058764	0.0785398163	0.0721058764	0.034906585	
3.884696	0.0818837824	0.0872664626	0.0818837824	0.0436332313	
3.894632	0.0917761305	0.0959931089	0.0917761305	0.0610865238	
3.90472	0.102514832	0.104719755	0.102514832	0.0785398163	
3.914951	0.114032203	0.104719755	0.114032203	0.104719755	
3.925009	0.125964962	0.113446401	0.125964962	0.122173048	
3.935087	0.138533142	0.122173048	0.138533142	0.13962634	
3.945478	0.152153815	0.122173048	0.152153815	0.148352986	
3.955467	0.165810566	0.130899694	0.165810566	0.157079633	
3.965567	0.180244076	0.130899694	0.180244076	0.174532925	
3.975692	0.195339882	0.13962634	0.195339882	0.183259571	
3.985828	0.211056194	0.13962634	0.211056194	0.191986218	
3.996131	0.227688482	0.148352986	0.227688482	0.20943951	
4.00608	0.244324693	0.165806279	0.244324693	0.20943951	
4.016231	0.26191761	0.174532925	0.26191761	0.218166156	
4.026507	0.280377509	0.20943951	0.280377509	0.235619449	
4.036454	0.298807606	0.226892803	0.298807606	0.244346095	
4.047728	0.320539239	0.253072742	0.320539239	0.261799388	
4.056847	0.338534409	0.27925268	0.338534409	0.270526034	
4.066966	0.35915017	0.314159265	0.35915017	0.287979327	
4.07701	0.380226698	0.340339204	0.380226698	0.305432619	
4.087108	0.402023465	0.366519143	0.402023465	0.331612558	
4.097609	0.425369033	0.392699082	0.425369033	0.34906585	
4.107378	0.44763392	0.41887902	0.44763392	0.383972435	
4.117494	0.471314156	0.453785606	0.471314156	0.410152374	
4.127841	0.496187092	0.479965544	0.496187092	0.445058959	
4.137923	0.521024865	0.514872129	0.521024865	0.488692191	
4.149112	0.549396582	0.541052068	0.549396582	0.523598776	
4.158291	0.573091019	0.575958653	0.573091019	0.558505361	
4.16843	0.599926873	0.602138592	0.599926873	0.593411946	
4.178504	0.627192039	0.628318531	0.627192039	0.628318531	
4.188606	0.655148769	0.663225116	0.655148769	0.663225116	
4.198852	0.68414408	0.689405055	0.68414408	0.698131701	
4.208954	0.713339982	0.706858347	0.713339982	0.733038286	
4.219077	0.74321218	0.733038286	0.74321218	0.759218225	
4.229436	0.774435147	0.767944871	0.774435147	0.785398163	
4.239359	0.80490647	0.79412481	0.80490647	0.811578102	
4.25036	0.839482796	0.811578102	0.839482796	0.837758041	
4.259988	0.870231004	0.837758041	0.870231004	0.86393798	
4.269809	0.90216979	0.872664626	0.90216979	0.890117919	
4.279954	0.935820213	0.898844565	0.935820213	0.916297857	
4.290056	0.969925542	0.916297857	0.969925542	0.942477796	
4.300242	1.00494299	0.951204442	1.00494299	0.968657735	
4.310361	1.04033526	0.977384381	1.04033526	0.994837674	
4.320508	1.07645847	1.01229097	1.07645847	1.02101761	
4.33064	1.11313288	1.04719755	1.11313288	1.04719755	
4.340759	1.1503854	1.08210414	1.1503854	1.08210414	
4.351632	1.1911666	1.12573737	1.1911666	1.11701072	
4.361126	1.22722683	1.1693706	1.22722683	1.15191731	
4.371232	1.26626353	1.21300383	1.26626353	1.19555054	
4.381356	1.30598907	1.25663706	1.30598907	1.23918377	
4.391461	1.34625609	1.30027029	1.34625609	1.29154365	
4.401685	1.38763227	1.34390352	1.38763227	1.32645023	
4.411723	1.42885069	1.3962634	1.42885069	1.37881011	
4.421908	1.47129962	1.43989663	1.47129962	1.43116999	
4.432036	1.51412904	1.49225651	1.51412904	1.48352986	
4.44217	1.55761345	1.54461639	1.55761345	1.53588974	
4.452887	1.60430244	1.59697627	1.60430244	1.58824962	
4.464807	1.65711777	1.6406095	1.65711777	1.6406095	
4.472568	1.69172619	1.69296937	1.69172619	1.68424273	
4.482653	1.73743562	1.74532925	1.73743562	1.74532925	
4.492767	1.78388187	1.78896248	1.78388187	1.78896248	
4.50299	1.83147324	1.84132236	1.83147324	1.84132236	
4.513098	1.87911992	1.88495559	1.87911992	1.88495559	
4.523211	1.92740858	1.92858882	1.92740858	1.92858882	
4.533342	1.9764093	1.9809487	1.9764093	1.97222205	
4.543461	2.02597609	2.02458193	2.02597609	2.02458193	
4.554162	2.07910915	2.06821516	2.07910915	2.05948852	
4.563791	2.12739682	2.11184839	2.12739682	2.10312175	
4.573908	2.17877166	2.16420827	2.17877166	2.15548163	
4.584034	2.23081779	2.19911486	2.23081779	2.19911486	
4.594124	2.28329909	2.25147474	2.28329909	2.24274809	
4.604348	2.33710872	2.30383461	2.33710872	2.29510797	
4.614431	2.39078759	2.34746784	2.39078759	2.3387412	
4.624572	2.4453778	2.39982772	2.4453778	2.39110108	
4.634694	2.50048529	2.4521876	2.50048529	2.44346095	
4.6448	2.55612916	2.50454748	2.55612916	2.49582083	
4.657339	2.62621314	2.55690735	2.62621314	2.54818071	
4.665032	2.6694011	2.61799388	2.6694011	2.60926723	
4.675167	2.72705242	2.6790804	2.72705242	2.67035376	
4.68527	2.78511008	2.73144028	2.78511008	2.73144028	
4.695901	2.8469386	2.80125345	2.8469386	2.7925268	
4.705654	2.90416113	2.86233997	2.90416113	2.86233997	
4.715702	2.96374136	2.93215314	2.96374136	2.93215314	
4.725797	3.02421914	3.00196631	3.02421914	3.00196631	
4.735925	3.0854988	3.06305284	3.0854988	3.07177948	
4.746323	3.14913139	3.13286601	3.14913139	3.14159265	
4.756752	3.21161067	3.19395253	3.21161067	3.20267918	
4.766376	3.26872011	3.2637657	3.26872011	3.27249235	
4.776503	3.32821994	3.33357887	3.32821994	3.33357887	
4.786598	3.38694919	3.3946654	3.38694919	3.40339204	
4.804876	3.49088646	3.45575192	3.49088646	3.46447857	
4.809149	3.51519473	3.54301838	3.51519473	3.54301838	
4.819306	3.57231396	3.60410491	3.57231396	3.60410491	
4.829436	3.62867791	3.66519143	3.62867791	3.66519143	
4.839565	3.68443775	3.7350046	3.68443775	3.71755131	
4.849723	3.73974893	3.78736448	3.73974893	3.76991118	
4.860661	3.79857234	3.848451	3.79857234	3.83099771	
4.871459	3.85601361	3.90081088	3.85601361	3.87463094	
4.880954	3.90593139	3.95317076	3.90593139	3.92699082	
4.891144	3.95891248	4.00553063	3.95891248	3.97935069	
4.901202	4.01064699	4.04916386	4.01064699	4.02298393	
4.911388	4.0624158	4.0927971	4.0624158	4.06661716	
4.921596	4.11369333	4.14515697	4.11369333	4.11897703	
4.931654	4.16358366	4.1887902	4.16358366	4.15388362	
4.941787	4.21327072	4.22369679	4.21327072	4.2062435	
4.95189	4.26222195	4.25860337	4.26222195	4.25860337	
4.962345	4.31225873	4.30223661	4.31225873	4.29350996	
4.972231	4.35894727	4.33714319	4.35894727	4.34586984	
4.982368	4.40623086	4.38077642	4.40623086	4.38950307	
4.992528	4.45302069	4.42440965	4.45302069	4.4331363	
5.002604	4.49882233	4.46804289	4.49882233	4.48549618	
5.012738	4.54431107	4.50294947	4.54431107	4.52912941	
5.022896	4.58927611	4.5465827	4.58927611	4.57276264	
5.033038	4.63359036	4.59894258	4.63359036	4.61639587	
5.043198	4.67736994	4.64257581	4.67736994	4.66875575	
5.053285	4.72023775	4.68620904	4.72023775	4.71238898	
5.063555	4.7633022	4.73856892	4.7633022	4.76474886	
5.073712	4.80522379	4.78220215	4.80522379	4.81710874	
5.083769	4.84617712	4.84328867	4.84617712	4.86074197	
5.093887	4.88678305	4.88692191	4.88678305	4.9043752	
5.103986	4.92671006	4.93928178	4.92671006	4.94800843	
5.114172	4.96638076	4.99164166	4.96638076	4.99164166	
5.12433	5.00533006	5.02654825	5.00533006	5.02654825	
5.134434	5.04347525	5.07018148	5.04347525	5.06145483	
5.14456	5.08112751	5.11381471	5.08112751	5.10508806	
5.154775	5.11850347	5.14872129	5.11850347	5.13999465	
5.164888	5.15490655	5.19235452	5.15490655	5.17490123	
5.175082	5.19098013	5.22726111	5.19098013	5.20980782	
5.185154	5.22603925	5.26216769	5.22603925	5.2447144	
5.195267	5.26064901	5.29707428	5.26064901	5.27962099	
5.205513	5.29511009	5.32325422	5.29511009	5.30580093	
5.215607	5.32845029	5.3581608	5.32845029	5.34070751	
5.2257	5.36120626	5.38434074	5.36120626	5.3756141	
5.235764	5.39329125	5.41052068	5.39329125	5.39306739	
5.245878	5.42494133	5.42797397	5.42494133	5.41924733	
5.256188	5.45657725	5.45415391	5.45657725	5.44542727	
5.266399	5.4873209	5.48033385	5.4873209	5.48033385	
5.276373	5.51676258	5.49778714	5.51676258	5.50651379	
5.286466	5.54595573	5.51524044	5.54595573	5.53269373	
5.296572	5.57461391	5.54142038	5.57461391	5.55887367	
5.306892	5.60327191	5.55887367	5.60327191	5.58505361	
5.316911	5.63050852	5.58505361	5.63050852	5.61996019	
5.326983	5.65729619	5.61123355	5.65729619	5.64614013	
5.33712	5.68367205	5.63741348	5.68367205	5.67232007	
5.347227	5.70938894	5.66359342	5.70938894	5.69850001	
5.357596	5.7351547	5.68977336	5.7351547	5.72467995	
5.367617	5.75949236	5.72467995	5.75949236	5.75085989	
5.377777	5.78355811	5.75958653	5.78355811	5.77703982	
5.387835	5.80679342	5.79449312	5.80679342	5.79449312	
5.3979	5.82947774	5.8293997	5.82947774	5.8293997	
5.408046	5.85177223	5.85557964	5.85177223	5.84685299	
5.426117	5.88918117	5.89921287	5.88918117	5.89048623	
5.430385	5.898079	5.91666616	5.898079	5.89921287	
5.440559	5.91854773	5.9428461	5.91854773	5.92539281	
5.450631	5.93823241	5.96902604	5.93823241	5.9428461	
5.460806	5.95753618	5.98647933	5.95753618	5.96902604	
5.470967	5.97622968	6.00393263	5.97622968	5.98647933	
5.481111	5.99430983	6.03011257	5.99430983	6.00393263	
5.491248	6.01179909	6.04756586	6.01179909	6.02138592	
5.50135	6.0286589	6.06501915	6.0286589	6.03883921	
5.511534	6.04507806	6.0737458	6.04507806	6.04756586	
5.52173	6.06093181	6.08247244	6.06093181	6.06501915	
5.531778	6.07599812	6.08247244	6.07599812	6.0737458	
5.541916	6.09062821	6.09119909	6.09062821	6.09119909	
5.552018	6.10464302	6.09992574	6.10464302	6.09992574	
5.562202	6.11819881	6.10865238	6.11819881	6.10865238	
5.572389	6.13119079	6.10865238	6.13119079	6.12610567	
5.59064	6.15223599	6.10865238	6.15223599	6.12610567	
5.594945	6.15726095	6.10865238	6.15726095	6.14355897	
5.605084	6.16838558	6.10865238	6.16838558	6.14355897	
5.615168	6.17891483	6.11737903	6.17891483	6.15228561	
5.625327	6.18896077	6.12610567	6.18896077	6.16101226	
5.635491	6.19846303	6.13483232	6.19846303	6.16973891	
5.645586	6.20737005	6.14355897	6.20737005	6.17846555	
5.655703	6.21576179	6.16101226	6.21576179	6.17846555	
5.666312	6.22396821	6.17846555	6.22396821	6.1871922	
5.676	6.23098881	6.1871922	6.23098881	6.19591884	
5.686133	6.23780497	6.20464549	6.23780497	6.20464549	
5.696351	6.24415315	6.21337214	6.24415315	6.21337214	
5.706386	6.24989025	6.23082543	6.24989025	6.21337214	
5.716496	6.25517038	6.24827872	6.25517038	6.23082543	
5.726636	6.25997031	6.25700537	6.25997031	6.23955208	
5.736835	6.26430815	6.27445866	6.26430815	6.24827872	
5.74711	6.26819086	6.28318531	6.26819086	6.25700537	
5.757011	6.2715023	6.29191195	6.2715023	6.26573201	
5.768645	6.27476787	6.29191195	6.27476787	6.27445866	
5.777337	6.27695691	6.29191195	6.27695691	6.28318531	
5.787437	6.27906952	6.29191195	6.27906952	6.28318531	
5.797886	6.28085068	6.28318531	6.28085068	6.29191195	
5.80765	6.28605131	6.28318531	6.28605131	6.29191195	
5.817868	6.28605131	6.28318531	6.28605131	6.29191195	
5.827932	6.28605131	6.28318531	6.28605131	6.29191195	
5.838067	6.28605131	6.27445866	6.28605131	6.29191195	
5.848311	6.28605131	6.27445866	6.28605131	6.28318531	
5.858303	6.28605131	6.27445866	6.28605131	6.28318531	
