5.187572	0.00574840867	0	-0.00170488385	0.0174532925	
5.199958	0.00845677295	0	0.00100348043	0.0174532925	
5.20423	0.00940531429	0	0.00195202177	0.00872664626	
5.214353	0.0124157781	0	0.00496248555	0.00872664626	
5.224526	0.0160733648	0	0.00862007228	0	
5.234653	0.0203287403	0	0.0128754478	0	
5.244807	0.0252166239	0	0.0177633314	-0.00872664626	
5.254981	0.030734269	0	0.0232809765	-0.00872664626	
5.265056	0.0368021857	0	0.0293488932	-0.00872664626	
5.275548	0.0438021734	0	0.0363488809	0	
5.285432	0.0509559821	0	0.0435026896	0	
5.295522	0.0588771923	0.00872664626	0.0514238998	0.00872664626	
5.30565	0.0674482407	0.0174532925	0.0599949481	0.00872664626	
5.315736	0.0765929636	0.0261799388	0.069139671	0.0174532925	
5.325916	0.0864466335	0.034906585	0.078993341	0.0261799388	
5.336095	0.0969232185	0.0436332313	0.0894699259	0.034906585	
5.34621	0.107941403	0.0610865238	0.10048811	0.0523598776	
5.356339	0.119591844	0.0698131701	0.112138551	0.0698131701	
5.366467	0.131860347	0.0872664626	0.124407055	0.0872664626	
5.376814	0.145047595	0.104719755	0.137594302	0.104719755	
5.386792	0.15833462	0.122173048	0.150881328	0.122173048	
5.396892	0.172411	0.13962634	0.164957708	0.130899694	
5.406993	0.187099561	0.157079633	0.179646269	0.148352986	
5.417184	0.202551317	0.174532925	0.195098025	0.157079633	
5.427286	0.218464937	0.183259571	0.211011645	0.174532925	
5.437443	0.23509405	0.20943951	0.227640758	0.191986218	
5.44783	0.252757902	0.218166156	0.24530461	0.200712864	
5.457689	0.270080966	0.235619449	0.262627673	0.226892803	
5.467756	0.288396963	0.244346095	0.28094367	0.235619449	
5.478158	0.307972508	0.270526034	0.300519215	0.261799388	
5.488153	0.327365061	0.287979327	0.319911769	0.27925268	
5.498205	0.347482129	0.305432619	0.340028836	0.296705973	
5.508345	0.368388445	0.322885912	0.360935152	0.314159265	
5.518539	0.390050858	0.34906585	0.382597565	0.340339204	
5.528606	0.412025763	0.366519143	0.40457247	0.366519143	
5.538726	0.434741358	0.383972435	0.427288065	0.383972435	
5.548868	0.458138546	0.410152374	0.450685254	0.401425728	
5.559006	0.482114303	0.427605667	0.47466101	0.427605667	
5.569465	0.507532982	0.453785606	0.500079689	0.453785606	
5.580448	0.534976566	0.479965544	0.527523274	0.479965544	
5.589467	0.557929283	0.506145483	0.55047599	0.506145483	
5.599523	0.58416232	0.532325422	0.576709028	0.541052068	
5.609634	0.611161967	0.567232007	0.603708675	0.575958653	
5.619735	0.638738448	0.593411946	0.631285155	0.602138592	
5.630004	0.66742574	0.628318531	0.659972448	0.628318531	
5.640013	0.695965834	0.663225116	0.688512542	0.663225116	
5.650103	0.725353003	0.698131701	0.71789971	0.698131701	
5.660344	0.755826055	0.733038286	0.748372763	0.733038286	
5.670401	0.786331552	0.767944871	0.778878259	0.759218225	
5.681923	0.822180539	0.802851456	0.814727246	0.79412481	
5.690764	0.850018137	0.837758041	0.842564845	0.820304748	
5.700886	0.882586523	0.872664626	0.87513323	0.855211333	
5.71104	0.915887578	0.907571211	0.908434285	0.890117919	
5.721145	0.949622374	0.93375115	0.942169081	0.93375115	
5.731325	0.984241917	0.968657735	0.976788625	0.968657735	
5.7415	1.01946206	1.00356432	1.01200877	1.00356432	
5.751636	1.05516245	1.04719755	1.04770916	1.0384709	
5.761859	1.09179532	1.08210414	1.08434203	1.08210414	
5.77194	1.12852464	1.11701072	1.12107135	1.11701072	
5.783231	1.17050687	1.15191731	1.16305358	1.15191731	
5.792348	1.20478314	1.18682389	1.19732985	1.18682389	
5.80243	1.2433838	1.22173048	1.23593051	1.22173048	
5.812576	1.28281774	1.26536371	1.27536445	1.25663706	
5.822717	1.32285685	1.30027029	1.31540356	1.30027029	
5.832852	1.36349647	1.34390352	1.35604318	1.34390352	
5.842984	1.40473172	1.37881011	1.39727843	1.37881011	
5.862505	1.48705326	1.46607657	1.47959996	1.44862328	
5.866802	1.50506927	1.47480322	1.49761598	1.47480322	
5.877087	1.54935973	1.5271631	1.54190644	1.51843645	
5.887142	1.592629	1.57079633	1.58517571	1.55334303	
5.897263	1.6371331	1.61442956	1.6296798	1.59697627	
5.907333	1.68197933	1.65806279	1.67452603	1.6406095	
5.91752	1.72800007	1.71042267	1.72054677	1.69296937	
5.927565	1.77400378	1.7540559	1.76655049	1.73660261	
5.937743	1.82119522	1.80641578	1.81374193	1.78896248	
5.947864	1.86875367	1.85004901	1.86130038	1.83259571	
5.959381	1.92442864	1.91113553	1.91697535	1.88495559	
5.968433	1.9673731	1.95476876	1.9599198	1.93731547	
5.978538	2.01671066	2.01585529	2.00925737	1.98967535	
5.988751	2.06721965	2.06821516	2.05976636	2.04203522	
5.998944	2.11825263	2.12057504	2.11079933	2.0943951	
6.008959	2.16897046	2.17293492	2.16151716	2.14675498	
6.019142	2.22117669	2.2252948	2.21372339	2.19911486	
6.029713	2.27608668	2.27765467	2.26863339	2.25147474	
6.039363	2.32668887	2.3387412	2.31923558	2.32128791	
6.049485	2.38041757	2.39110108	2.37296428	2.37364778	
6.059596	2.43472799	2.44346095	2.4272747	2.42600766	
6.069731	2.4897626	2.50454748	2.48230931	2.47836754	
6.079996	2.54616164	2.54818071	2.53870835	2.53945406	
6.090376	2.60384277	2.60054059	2.59638948	2.60054059	
6.100168	2.65877013	2.65290046	2.65131683	2.65290046	
6.110284	2.7161852	2.71398699	2.70873191	2.71398699	
6.120424	2.77431951	2.76634686	2.76686621	2.77507351	
6.138998	2.88339706	2.87106662	2.87594376	2.87979327	
6.143292	2.90850707	2.89724656	2.90105378	2.89724656	
6.153396	2.9684499	2.95833308	2.96099661	2.95833308	
6.163558	3.02936427	3.01069296	3.02191098	3.01941961	
6.173711	3.09083075	3.07177948	3.08337746	3.08050613	
6.183852	3.15287837	3.13286601	3.14542508	3.14159265	
6.194045	3.21397637	3.19395253	3.20652308	3.20267918	
6.204142	3.27389378	3.25503905	3.26644048	3.2637657	
6.214294	3.33353331	3.31612558	3.32608002	3.32485223	
6.224436	3.39252432	3.38593875	3.38507103	3.38593875	
6.234598	3.45100983	3.44702527	3.44355654	3.44702527	
6.244737	3.50875131	3.51683844	3.50129802	3.5081118	
6.254942	3.56626338	3.57792497	3.55881008	3.57792497	
6.265009	3.62238194	3.64773814	3.61492864	3.63901149	
6.275099	3.67804421	3.70882466	3.67059092	3.70009801	
6.285288	3.73365356	3.77863783	3.72620026	3.75245789	
6.295488	3.78870887	3.83972435	3.78125557	3.82227106	
6.305583	3.84255773	3.90081088	3.83510444	3.87463094	
6.315717	3.89602977	3.95317076	3.88857648	3.93571746	
6.32582	3.94874309	4.01425728	3.94128979	3.99680399	
6.335998	4.00125057	4.0753438	3.99379728	4.04916386	
6.346109	4.05277716	4.12770368	4.04532386	4.10152374	
6.356233	4.10379153	4.1887902	4.09633824	4.15388362	
6.36643	4.15457419	4.23242344	4.14712089	4.2062435	
6.376535	4.20426659	4.28478331	4.19681329	4.25860337	
6.387796	4.25891874	4.32841654	4.25146545	4.31096325	
6.396914	4.30267572	4.36332313	4.29522242	4.34586984	
6.407019	4.35057617	4.40695636	4.34312288	4.39822972	
6.417138	4.39793163	4.45058959	4.39047834	4.44186295	
6.427259	4.44469482	4.49422282	4.43724153	4.48549618	
6.437363	4.49079851	4.53785606	4.48334522	4.52040276	
6.447539	4.53659381	4.57276264	4.52914052	4.56403599	
6.457661	4.58155985	4.60766923	4.57410656	4.60766923	
6.467819	4.62608378	4.64257581	4.61863049	4.65130246	
6.477921	4.66975698	4.6774824	4.66230369	4.69493569	
6.489203	4.71778451	4.71238898	4.71033122	4.72984227	
6.498223	4.75571411	4.74729557	4.74826081	4.76474886	
6.508346	4.79766496	4.7909288	4.79021166	4.80838209	
6.51847	4.83902824	4.82583538	4.83157494	4.84328867	
6.528558	4.87965794	4.86946861	4.87220465	4.88692191	
6.538704	4.919925	4.91310184	4.91247171	4.92182849	
6.548832	4.95950199	4.95673508	4.95204869	4.95673508	
6.559007	4.99866023	5.00036831	4.99120694	5.00036831	
6.569139	5.03705842	5.03527489	5.02960513	5.04400154	
6.579255	5.07480263	5.07890812	5.06734934	5.07890812	
6.590395	5.11563804	5.12254135	5.10818475	5.11381471	
6.599546	5.14869213	5.15744794	5.14123884	5.14872129	
6.60964	5.18455541	5.20108117	5.17710212	5.18362788	
6.619771	5.21995475	5.23598776	5.21250146	5.22726111	
6.629869	5.25465616	5.27962099	5.24720287	5.27089434	
6.64004	5.28900726	5.31452757	5.28155397	5.30580093	
6.650115	5.32242375	5.3581608	5.31497046	5.34070751	
6.660266	5.35551076	5.39306739	5.34805747	5.3756141	
6.670414	5.38798347	5.42797397	5.38053018	5.41052068	
6.680559	5.41984317	5.46288056	5.41238988	5.44542727	
6.699314	5.4762615	5.52396708	5.46880821	5.50651379	
6.703641	5.48932876	5.53269373	5.48187547	5.52396708	
6.713772	5.51919624	5.55887367	5.51174295	5.55014702	
6.723908	5.54849591	5.58505361	5.54104262	5.58505361	
6.734021	5.57713614	5.61996019	5.56968284	5.61123355	
6.744221	5.60541699	5.64614013	5.59796369	5.63741348	
6.754321	5.63283011	5.66359342	5.62537682	5.67232007	
6.764489	5.65984083	5.68977336	5.65238754	5.69850001	
6.774629	5.68617856	5.7159533	5.67872527	5.72467995	
6.784707	5.71177083	5.73340659	5.70431754	5.74213324	
6.795738	5.73908105	5.75958653	5.73162776	5.76831318	
6.80505	5.76165855	5.78576647	5.75420525	5.78576647	
6.815173	5.78559032	5.79449312	5.77813703	5.81194641	
6.825285	5.80891613	5.82067306	5.80146284	5.8293997	
6.835389	5.83164692	5.83812635	5.82419363	5.84685299	
6.845604	5.85403053	5.85557964	5.84657724	5.87303293	
6.865121	5.89410865	5.89048623	5.88665535	5.90793952	
6.869545	5.90326265	5.89921287	5.89580935	5.91666616	
6.879642	5.92343143	5.90793952	5.91597814	5.92539281	
6.890024	5.94355338	5.92539281	5.93610009	5.95157275	
6.899843	5.96205542	5.9428461	5.95460212	5.9602994	
6.909989	5.98058394	5.9602994	5.97313065	5.97775269	
6.920101	5.9984744	5.96902604	5.99102111	5.98647933	
6.93024	6.0158397	5.98647933	6.00838641	6.00393263	
6.940425	6.03270112	6.00393263	6.02524783	6.02138592	
6.950525	6.04884788	6.02138592	6.04139458	6.03011257	
6.968523	6.07542049	6.04756586	6.0679672	6.0562925	
6.972799	6.0817959	6.06501915	6.0743426	6.0562925	
6.984766	6.09859989	6.0737458	6.0911466	6.0737458	
6.995284	6.11280479	6.09992574	6.1053515	6.09119909	
7.004995	6.12541256	6.10865238	6.11795927	6.09992574	
7.015174	6.13805927	6.12610567	6.13060598	6.11737903	
7.025288	6.15006492	6.14355897	6.14261163	6.12610567	
7.035377	6.16149376	6.16101226	6.15404046	6.14355897	
7.045576	6.17248735	6.17846555	6.16503406	6.16101226	
7.055699	6.18284359	6.1871922	6.17539029	6.16973891	
7.065937	6.19276019	6.20464549	6.1853069	6.17846555	
7.075959	6.20193932	6.21337214	6.19448603	6.19591884	
7.086056	6.21064848	6.22209878	6.20319519	6.20464549	
7.096486	6.21907465	6.23082543	6.21162136	6.21337214	
7.106402	6.22657914	6.24827872	6.21912584	6.23082543	
7.116724	6.23384147	6.24827872	6.22638818	6.23082543	
7.126644	6.2403512	6.25700537	6.23289791	6.23955208	
7.136981	6.24660424	6.26573201	6.23915095	6.24827872	
7.146905	6.25202434	6.27445866	6.24457105	6.25700537	
7.15699	6.25710196	6.28318531	6.24964867	6.26573201	
7.167199	6.26174184	6.28318531	6.25428855	6.26573201	
7.177281	6.26585127	6.28318531	6.25839797	6.27445866	
7.187376	6.26950343	6.28318531	6.26205014	6.27445866	
7.197759	6.27277746	6.27445866	6.26532416	6.27445866	
7.207725	6.27550686	6.27445866	6.26805357	6.27445866	
7.21787	6.27786466	6.28318531	6.27041136	6.27445866	
7.22797	6.27982428	6.28318531	6.27237098	6.27445866	
7.238089	6.28142427	6.28318531	6.27397098	6.27445866	
7.248469	6.28605131	6.28318531	6.27859802	6.28318531	
7.258329	6.28605131	6.28318531	6.27859802	6.28318531	
7.268472	6.28605131	6.28318531	6.27859802	6.28318531	
7.278598	6.28605131	6.28318531	6.27859802	6.27445866	
7.288718	6.28605131	6.28318531	6.27859802	6.27445866	
