0.03576152	-70.5636617	-70.5636617	-58.8001425	-58.8001425	
0.04079545	-70.5634345	-70.5636617	-58.7999153	-58.8001425	
0.05124131	-70.5621369	-70.5636617	-58.7986177	-58.8001425	
0.06099318	-70.5603767	-70.5636617	-58.7968575	-58.8001425	
0.07115604	-70.5579092	-70.5636617	-58.79439	-58.8001425	
0.08131391	-70.5548251	-70.5636617	-58.791306	-58.8001425	
0.09142677	-70.551141	-70.5636617	-58.7876218	-58.8001425	
0.1015126	-70.5468581	-70.5636617	-58.7833389	-58.8001425	
0.1116835	-70.5419141	-70.5636617	-58.778395	-58.7914159	
0.1219864	-70.5362648	-70.5636617	-58.7727457	-58.7914159	
0.1319362	-70.5302288	-70.5636617	-58.7667096	-58.7914159	
0.1421311	-70.5234088	-70.5636617	-58.7598896	-58.7914159	
0.15231	-70.515982	-70.5636617	-58.7524629	-58.7914159	
0.1624098	-70.5080044	-70.5636617	-58.7444852	-58.7914159	
0.1724987	-70.4994226	-70.5636617	-58.7359034	-58.7826892	
0.1826795	-70.4901368	-70.554935	-58.7266176	-58.7826892	
0.1928324	-70.4802587	-70.554935	-58.7167396	-58.7739626	
0.2029793	-70.4697699	-70.5462084	-58.7062508	-58.7652359	
0.2130751	-70.458725	-70.5462084	-58.6952059	-58.7477826	
0.223173	-70.4470662	-70.5374817	-58.683547	-58.739056	
0.2333899	-70.4346375	-70.5200284	-58.6711183	-58.7303293	
0.2435437	-70.4216658	-70.5025751	-58.6581466	-58.712876	
0.2536306	-70.4081809	-70.4763952	-58.6446617	-58.6954227	
0.2637765	-70.3939921	-70.4589419	-58.630473	-58.6866961	
0.2739103	-70.3791997	-70.4414886	-58.6156806	-58.6692428	
0.2840392	-70.3638101	-70.406582	-58.6002909	-58.6605162	
0.294202	-70.3477384	-70.3891287	-58.5842193	-58.6430629	
0.3043279	-70.3311162	-70.3716754	-58.567597	-58.6256096	
0.3144848	-70.3138196	-70.3454955	-58.5503005	-58.6081563	
0.3245616	-70.296056	-70.3280422	-58.5325369	-58.590703	
0.3347105	-70.2775416	-70.3018623	-58.5140224	-58.5732497	
0.3449494	-70.2582251	-70.2756823	-58.494706	-58.5557964	
0.3550912	-70.2384952	-70.258229	-58.4749761	-58.5208898	
0.3651711	-70.2182662	-70.2320491	-58.4547471	-58.5034365	
0.375276	-70.1973822	-70.2058692	-58.433863	-58.4772566	
0.3854528	-70.1757172	-70.1884159	-58.412198	-58.4510766	
0.3955947	-70.1535104	-70.1622359	-58.3899913	-58.4248967	
0.4057025	-70.1307753	-70.136056	-58.3672562	-58.3987168	
0.4158394	-70.1073508	-70.1186027	-58.3438316	-58.3812635	
0.4260193	-70.0831963	-70.0924228	-58.3196771	-58.3550835	
0.4363331	-70.0578512	-70.0749695	-58.294332	-58.3289036	
0.446325	-70.0331624	-70.0575162	-58.2696432	-58.3027237	
0.4564229	-70.0073829	-70.0313362	-58.2438637	-58.2765437	
0.4665577	-69.9808813	-70.0051563	-58.2173621	-58.2416371	
0.4766146	-69.9539765	-69.987703	-58.1904574	-58.2241838	
0.4877284	-69.9234591	-69.9527964	-58.15994	-58.1892773	
0.4975483	-69.8959704	-69.9266165	-58.1324513	-58.1630973	
0.5079272	-69.8662294	-69.9091632	-58.1027103	-58.1369174	
0.518137	-69.8363666	-69.8829832	-58.0728475	-58.1020108	
0.5279739	-69.8070467	-69.8568033	-58.0435276	-58.0758309	
0.5381378	-69.776088	-69.8306234	-58.0125689	-58.0496509	
0.5484566	-69.7440228	-69.8044434	-57.9805037	-58.0147443	
0.5585955	-69.711912	-69.7695368	-57.9483928	-57.9885644	
0.5686313	-69.6795296	-69.7346303	-57.9160104	-57.9536578	
0.5788532	-69.6459111	-69.6997237	-57.882392	-57.9187512	
0.5891111	-69.611535	-69.6648171	-57.8480159	-57.8925713	
0.5989919	-69.5778614	-69.6299105	-57.8143423	-57.8576647	
0.6091148	-69.5427304	-69.5950039	-57.7792112	-57.8227581	
0.6192027	-69.5071148	-69.5513707	-57.7435957	-57.7878515	
0.6293635	-69.4706052	-69.5164641	-57.7070861	-57.7442183	
0.6394904	-69.4336143	-69.4728309	-57.6700952	-57.7093117	
0.6497183	-69.394744	-69.4379243	-57.6312248	-57.6656785	
0.6598261	-69.3574646	-69.3942911	-57.5939455	-57.6220453	
0.669992	-69.3184892	-69.3593845	-57.55497	-57.578412	
0.6800268	-69.2793886	-69.3157512	-57.5158695	-57.5435054	
0.6905307	-69.237784	-69.272118	-57.4742648	-57.4998722	
0.7005616	-69.1974874	-69.2197581	-57.4339682	-57.456239	
0.7106774	-69.1562164	-69.1848515	-57.3926972	-57.4213324	
0.7208353	-69.1141452	-69.1412183	-57.3506261	-57.3776992	
0.7309752	-69.0715363	-69.0975851	-57.3080171	-57.3340659	
0.741086	-69.0284496	-69.0452252	-57.2649304	-57.2904327	
0.7515079	-68.983354	-69.0103186	-57.2198349	-57.2467995	
0.7616897	-68.938704	-68.9666854	-57.1751849	-57.1944396	
0.7717876	-68.8938043	-68.9143255	-57.1302852	-57.159533	
0.7818355	-68.8485364	-68.8706923	-57.0850173	-57.1071731	
0.7920303	-68.8019597	-68.8270591	-57.0384406	-57.0635399	
0.8021612	-68.7550708	-68.7834258	-56.9915517	-57.0199067	
0.8123411	-68.7073271	-68.7310659	-56.943808	-56.9762734	
0.8224699	-68.6592038	-68.6874327	-56.8956846	-56.9239136	
0.8325698	-68.6106167	-68.6437995	-56.8470975	-56.8802803	
0.8427757	-68.5608816	-68.5914396	-56.7973625	-56.8279204	
0.8528985	-68.5109335	-68.5478064	-56.7474143	-56.7755606	
0.8630204	-68.4604008	-68.4954465	-56.6968816	-56.7232007	
0.8731062	-68.4094235	-68.4518133	-56.6459043	-56.6708408	
0.8832461	-68.3575547	-68.3907267	-56.5940355	-56.6272076	
0.893456	-68.3046739	-68.3383669	-56.5411547	-56.5748477	
0.9035678	-68.2517426	-68.286007	-56.4882234	-56.5224878	
0.9137297	-68.1979073	-68.2336471	-56.4343881	-56.4701279	
0.9238406	-68.1437251	-68.1812872	-56.3802059	-56.4177681	
0.9339494	-68.088935	-68.1289274	-56.3254158	-56.3566815	
0.9440743	-68.0334536	-68.0678408	-56.2699344	-56.3043217	
0.9545162	-67.9755202	-68.015481	-56.2120011	-56.2519618	
0.96448	-67.9197512	-67.9543944	-56.1562321	-56.1908753	
0.9747889	-67.8613448	-67.8933079	-56.0978256	-56.1385154	
0.9849247	-67.8033187	-67.8322214	-56.0397995	-56.0774289	
0.9950656	-67.7446351	-67.7798615	-55.981116	-56.0163423	
1.005196	-67.6853998	-67.718775	-55.9218806	-55.9552558	
1.015325	-67.6255726	-67.6576885	-55.8620534	-55.8941693	
1.025503	-67.564827	-67.5966019	-55.8013078	-55.8330828	
1.035591	-67.5040048	-67.5355154	-55.7404856	-55.7807229	
1.045675	-67.442609	-67.4744289	-55.6790899	-55.7196364	
1.0559	-67.3796796	-67.4046157	-55.6161604	-55.6585498	
1.066073	-67.3164878	-67.3435292	-55.5529687	-55.5887367	
1.076462	-67.2512682	-67.273716	-55.487749	-55.5189235	
1.086336	-67.1887615	-67.2126295	-55.4252424	-55.4665636	
1.096505	-67.1237123	-67.1428163	-55.3601931	-55.3967505	
1.106587	-67.0586445	-67.0817298	-55.2951253	-55.3356639	
1.11671	-66.9926962	-67.0119166	-55.2291771	-55.2658508	
1.126819	-66.9262067	-66.9508301	-55.1626875	-55.1960376	
1.13695	-66.8589693	-66.8810169	-55.0954501	-55.1349511	
1.147554	-66.7878824	-66.8112038	-55.0243632	-55.0651379	
1.157278	-66.7221587	-66.7413906	-54.9586395	-54.9953247	
1.167418	-66.6529938	-66.6715774	-54.8894747	-54.9255116	
1.177541	-66.5833584	-66.6017643	-54.8198392	-54.8556984	
1.187589	-66.5136148	-66.5319511	-54.7500956	-54.7771586	
1.197866	-66.4416409	-66.4621379	-54.6781217	-54.7073454	
1.207885	-66.3709008	-66.3923247	-54.6073816	-54.6375322	
1.218002	-66.2988302	-66.3137849	-54.535311	-54.5589924	
1.228118	-66.2261455	-66.2439718	-54.4626263	-54.4891792	
1.238241	-66.1527952	-66.1741586	-54.3892761	-54.4193661	
1.248414	-66.0784454	-66.0956188	-54.3149262	-54.3408263	
1.25865	-66.0030192	-66.0258056	-54.2395001	-54.2622864	
1.268693	-65.9284532	-65.9472658	-54.164934	-54.1924733	
1.278886	-65.8521076	-65.868726	-54.0885884	-54.1226601	
1.288967	-65.7759943	-65.7989128	-54.0124752	-54.0441203	
1.299349	-65.696937	-65.7290996	-53.9334179	-53.9655805	
1.309229	-65.621169	-65.6505598	-53.8576498	-53.878314	
1.319326	-65.5431262	-65.57202	-53.779607	-53.8085008	
1.330827	-65.4533154	-65.4847535	-53.6897963	-53.729961	
1.339575	-65.3846991	-65.4149404	-53.62118	-53.6514212	
1.349744	-65.3041943	-65.3364005	-53.5406751	-53.5641547	
1.359992	-65.2224393	-65.2491341	-53.4589201	-53.4856149	
1.370087	-65.1413301	-65.1705943	-53.377811	-53.3983485	
1.380286	-65.0587581	-65.0920545	-53.295239	-53.3198086	
1.390364	-64.976511	-64.9960613	-53.2129918	-53.2412688	
1.400586	-64.8925237	-64.9175215	-53.1290046	-53.1540024	
1.410723	-64.8085798	-64.8389817	-53.0450606	-53.0667359	
1.420818	-64.7244071	-64.7517152	-52.9608879	-52.9794694	
1.43096	-64.6391986	-64.6644488	-52.8756795	-52.9009296	
1.44103	-64.5539889	-64.5771823	-52.7904697	-52.8136632	
1.451256	-64.4667838	-64.4899159	-52.7032646	-52.7263967	
1.461386	-64.3798095	-64.4026494	-52.6162904	-52.6391302	
1.471515	-64.2922718	-64.3153829	-52.5287527	-52.5518638	
1.481668	-64.2039077	-64.2281165	-52.4403886	-52.4645973	
1.492084	-64.1125243	-64.1321234	-52.3490052	-52.3773309	
1.501903	-64.0259038	-64.0448569	-52.2623846	-52.2900644	
1.512015	-63.9360215	-63.9575904	-52.1725023	-52.2027979	
1.522277	-63.8441695	-63.870324	-52.0806503	-52.1068048	
1.532435	-63.7526503	-63.7743309	-51.9891312	-52.0195384	
1.542504	-63.6613276	-63.6783378	-51.8978085	-51.9235452	
1.552683	-63.5683638	-63.5910713	-51.8048446	-51.8362788	
1.562981	-63.4736546	-63.4950782	-51.7101354	-51.7402857	
1.572989	-63.3810939	-63.4078117	-51.6175747	-51.6442926	
1.583108	-63.2868324	-63.3118186	-51.5233133	-51.5570261	
1.593228	-63.1919565	-63.2158255	-51.4284374	-51.461033	
1.603403	-63.0977775	-63.1372857	-51.3342583	-51.3650399	
1.613738	-63.0027908	-63.0412926	-51.2392717	-51.2603201	
1.62396	-62.9094656	-62.9365728	-51.1459464	-51.164327	
1.633994	-62.8184815	-62.8405797	-51.0549624	-51.0683339	
1.644098	-62.7274583	-62.7533133	-50.9639391	-50.9723408	
1.654232	-62.6367544	-62.6573201	-50.8732352	-50.8763477	
1.666313	-62.5295551	-62.5438737	-50.766036	-50.7629013	
1.676442	-62.4402792	-62.4478806	-50.6767601	-50.6669082	
1.68653	-62.3519556	-62.3518875	-50.5884364	-50.5709151	
1.696675	-62.263734	-62.2558944	-50.5002148	-50.474922	
1.706935	-62.1751894	-62.168628	-50.4116703	-50.3876555	
1.716962	-62.0892595	-62.0639082	-50.3257404	-50.2829357	
1.727164	-62.0023901	-61.9766417	-50.2388709	-50.1956693	
1.737218	-61.9174401	-61.8893753	-50.153921	-50.1084028	
1.747667	-61.8297261	-61.7933822	-50.066207	-50.0211364	
1.758689	-61.7380105	-61.7061157	-49.9744913	-49.9338699	
1.767845	-61.662296	-61.6101226	-49.8987769	-49.8466034	
1.777748	-61.5810362	-61.5315828	-49.8175171	-49.759337	
1.787827	-61.4989119	-61.4443163	-49.7353927	-49.6807972	
1.799152	-61.4072123	-61.3657765	-49.6436932	-49.6022573	
1.817456	-61.2619406	-61.1999702	-49.4984214	-49.4539044	
1.821832	-61.2271207	-61.1650636	-49.4636015	-49.4189978	
1.831984	-61.1470696	-61.0865238	-49.3835504	-49.3491846	
1.842092	-61.0679906	-61.0167106	-49.3044715	-49.2706448	
1.852222	-60.989346	-60.9468975	-49.2258268	-49.2008316	
1.862918	-60.9069941	-60.859631	-49.1434749	-49.1222918	
1.872986	-60.8300938	-60.7810912	-49.0665747	-49.0524786	
1.883186	-60.7527883	-60.711278	-48.9892691	-48.9826655	
1.893266	-60.6770182	-60.6414649	-48.913499	-48.9041256	
1.903352	-60.6018034	-60.5716517	-48.8382842	-48.8343125	
1.922942	-60.4584986	-60.4320254	-48.6949795	-48.6946861	
1.927345	-60.4262537	-60.4058454	-48.6627345	-48.6685062	
1.937484	-60.3527193	-60.3360322	-48.5892001	-48.598693	
1.947574	-60.2801109	-60.2749457	-48.5165917	-48.5201532	
1.957816	-60.2070473	-60.2051325	-48.4435282	-48.45034	
1.968213	-60.1335215	-60.1353194	-48.3700024	-48.3805269	
1.978154	-60.0638446	-60.0655062	-48.3003254	-48.3107137	
1.988136	-59.9944618	-59.995693	-48.2309426	-48.2321739	
1.998362	-59.9239865	-59.9258799	-48.1604673	-48.1623607	
2.008412	-59.8553551	-59.8560667	-48.0918359	-48.0838209	
2.018979	-59.7838339	-59.7862535	-48.0203147	-48.0140077	
2.028685	-59.7187288	-59.7164404	-47.9552097	-47.9441946	
2.038793	-59.6515137	-59.6466272	-47.8879946	-47.8743814	
2.048883	-59.5850117	-59.576814	-47.8214926	-47.8045682	
2.059322	-59.5168577	-59.5070008	-47.7533385	-47.734755	
2.069238	-59.4527007	-59.4371877	-47.6891815	-47.6649419	
2.079327	-59.388087	-59.3761012	-47.6245679	-47.5951287	
2.089477	-59.323666	-59.306288	-47.5601469	-47.5340422	
2.099531	-59.2604473	-59.2364748	-47.4969281	-47.4729557	
2.109704	-59.1970818	-59.1666616	-47.4335626	-47.4031425	
2.119993	-59.1336403	-59.0968485	-47.3701211	-47.342056	
2.13787	-59.0257286	-58.9921287	-47.2622094	-47.2286096	
2.142223	-58.9994018	-58.9572221	-47.2358827	-47.193703	
2.152334	-58.9388338	-58.8961356	-47.1753146	-47.1326165	
2.162794	-58.877143	-58.8437757	-47.1136239	-47.0715299	
2.172981	-58.8175855	-58.7739626	-47.0540663	-47.0104434	
2.183058	-58.7592483	-58.712876	-46.9957291	-46.9580835	
2.193203	-58.7010969	-58.6605162	-46.9375778	-46.896997	
2.203334	-58.6436635	-58.5994296	-46.8801444	-46.8446371	
2.213477	-58.5867514	-58.5470698	-46.8232322	-46.7835506	
2.223606	-58.5305215	-58.4947099	-46.7670023	-46.7311907	
2.233767	-58.4747717	-58.4336234	-46.7112525	-46.6788308	
2.243898	-58.419757	-58.3899901	-46.6562379	-46.626471	
2.253965	-58.3657214	-58.3289036	-46.6022023	-46.5828377	
2.265356	-58.3052969	-58.2852704	-46.5417777	-46.5304779	
2.274288	-58.2584288	-58.2329105	-46.4949096	-46.478118	
2.284476	-58.205565	-58.1892773	-46.4420458	-46.4257581	
2.294574	-58.1537904	-58.1369174	-46.3902712	-46.3733982	
2.3049	-58.1014452	-58.0845575	-46.3379261	-46.329765	
2.31495	-58.0511337	-58.0409243	-46.2876145	-46.2774051	
2.324953	-58.0016388	-57.9885644	-46.2381196	-46.2337719	
2.344057	-57.909742	-57.9012979	-46.1462228	-46.1377788	
2.356379	-57.8507847	-57.875118	-46.0872655	-46.1203255	
2.360822	-57.830041	-57.8140315	-46.0665219	-46.059239	
2.371376	-57.7806802	-57.7703982	-46.0171611	-46.0068791	
2.381167	-57.7355254	-57.726765	-45.9720063	-45.9545192	
2.39129	-57.6894027	-57.6744051	-45.9258836	-45.9196126	
2.401379	-57.6440308	-57.6307719	-45.8805117	-45.8672527	
2.411557	-57.5988775	-57.5871387	-45.8353584	-45.8148929	
2.421683	-57.5545672	-57.5347788	-45.7910481	-45.7799863	
2.431845	-57.5106841	-57.4911456	-45.747165	-45.7276264	
2.441977	-57.4675606	-57.4475123	-45.7040415	-45.6839932	
2.452077	-57.4251736	-57.3951525	-45.6616545	-45.6403599	
2.462236	-57.3831447	-57.3515192	-45.6196256	-45.5880001	
2.472748	-57.3402693	-57.3166126	-45.5767501	-45.5443668	
2.482557	-57.3008882	-57.2817061	-45.537369	-45.5007336	
2.492683	-57.2607946	-57.2380728	-45.4972755	-45.465827	
2.502797	-57.2213733	-57.2031662	-45.4578541	-45.4221938	
2.512898	-57.1825831	-57.159533	-45.4190639	-45.3872872	
2.523085	-57.1440903	-57.1158998	-45.3805711	-45.343654	
2.533188	-57.10649	-57.0809932	-45.3429709	-45.3087474	
2.543327	-57.0693896	-57.0460866	-45.3058704	-45.2738408	
2.553448	-57.0329447	-57.01118	-45.2694255	-45.2389342	
2.563562	-56.9971143	-56.9762734	-45.2335951	-45.2040276	
2.573783	-56.9615174	-56.9413668	-45.1979982	-45.169121	
2.583918	-56.9268362	-56.9064603	-45.163317	-45.1342145	
2.594066	-56.8927071	-56.8802803	-45.1291879	-45.0993079	
2.604188	-56.8592738	-56.8453737	-45.0957546	-45.0731279	
2.614294	-56.8264772	-56.8191938	-45.062958	-45.046948	
2.624449	-56.7941227	-56.7930139	-45.0306036	-45.0120414	
2.634551	-56.7625408	-56.7581073	-44.9990217	-44.9858615	
2.64472	-56.7313488	-56.7232007	-44.9678297	-44.9596815	
2.654837	-56.7009206	-56.6970208	-44.9374014	-44.9247749	
2.664958	-56.6710684	-56.6621142	-44.9075493	-44.898595	
2.675244	-56.6413339	-56.6446609	-44.8778148	-44.8724151	
2.685301	-56.6128846	-56.6184809	-44.8493655	-44.8462351	
2.69538	-56.5849417	-56.5835743	-44.8214225	-44.8200552	
2.705522	-56.5574233	-56.5573944	-44.7939042	-44.7938753	
2.715613	-56.53063	-56.5312145	-44.7671109	-44.7676953	
2.725811	-56.5041587	-56.5137612	-44.7406396	-44.7327887	
2.735935	-56.4784782	-56.4788546	-44.7149591	-44.7153354	
2.746114	-56.4532517	-56.4526747	-44.6897326	-44.6891555	
2.756234	-56.4287661	-56.4352214	-44.665247	-44.6629756	
2.766473	-56.4045942	-56.4090414	-44.641075	-44.6367956	
2.776621	-56.3812192	-56.3828615	-44.6177001	-44.6106157	
2.786676	-56.358662	-56.3654082	-44.5951429	-44.5931624	
2.796792	-56.336549	-56.3392283	-44.5730298	-44.5582558	
2.806906	-56.3150294	-56.3130483	-44.5515102	-44.5408025	
2.816994	-56.2941336	-56.295595	-44.5306144	-44.5233492	
2.827224	-56.2735647	-56.2694151	-44.5100456	-44.4971693	
2.83735	-56.2537818	-56.2432351	-44.4902626	-44.479716	
2.847481	-56.2345636	-56.2257819	-44.4710444	-44.4622627	
2.857567	-56.2160231	-56.2083286	-44.452504	-44.4448094	
2.867804	-56.1977943	-56.1908753	-44.4342752	-44.4186295	
2.877892	-56.1804022	-56.173422	-44.416883	-44.4099028	
2.887974	-56.1636162	-56.1559687	-44.400097	-44.3837229	
2.898099	-56.1473237	-56.1385154	-44.3838045	-44.3749962	
2.908199	-56.1316434	-56.1297887	-44.3681243	-44.3575429	
2.91834	-56.1164783	-56.1123355	-44.3529591	-44.3488163	
2.928557	-56.1017443	-56.0948822	-44.3382251	-44.331363	
2.938673	-56.0878116	-56.0861555	-44.3242925	-44.3139097	
2.948853	-56.0743216	-56.0774289	-44.3108025	-44.3051831	
2.958879	-56.0615922	-56.0599756	-44.2980731	-44.2964564	
2.969279	-56.0489936	-56.0599756	-44.2854744	-44.2790031	
2.979442	-56.0372367	-56.0512489	-44.2737175	-44.2790031	
2.989324	-56.0263462	-56.0337956	-44.2628271	-44.2702765	
2.999496	-56.0157029	-56.025069	-44.2521838	-44.2615498	
3.009552	-56.0057214	-56.025069	-44.2422023	-44.2528232	
3.019706	-55.9961996	-56.0163423	-44.2326804	-44.2440965	
3.029818	-55.9872661	-56.0163423	-44.2237469	-44.2440965	
3.047839	-55.9734486	-55.9988891	-44.2099294	-44.2353699	
3.052174	-55.9700641	-55.9988891	-44.2065449	-44.2353699	
3.062301	-55.9628349	-55.9988891	-44.1993158	-44.2266432	
3.07244	-55.9561228	-55.9901624	-44.1926036	-44.2179166	
3.08267	-55.9498777	-55.9901624	-44.1863585	-44.2179166	
3.093078	-55.9440679	-55.9901624	-44.1805487	-44.20919	
3.102894	-55.9390479	-55.9901624	-44.1755288	-44.20919	
3.112989	-55.9343783	-55.9901624	-44.1708591	-44.20919	
3.123167	-55.9301601	-55.9901624	-44.1666409	-44.20919	
3.133305	-55.9264272	-55.9901624	-44.162908	-44.20919	
3.143427	-55.9231548	-55.9901624	-44.1596357	-44.2004633	
3.15357	-55.9203156	-55.9901624	-44.1567964	-44.2004633	
3.163695	-55.9178996	-55.9901624	-44.1543804	-44.2004633	
3.173846	-55.9158766	-55.9901624	-44.1523574	-44.2004633	
3.184326	-55.9141883	-55.9814358	-44.1506691	-44.2004633	
3.194144	-55.9093952	-55.9814358	-44.145876	-44.2004633	
3.204297	-55.9093952	-55.9814358	-44.145876	-44.2004633	
3.214386	-55.9093952	-55.9814358	-44.145876	-44.2004633	
3.224571	-55.9093952	-55.9814358	-44.145876	-44.2004633	
3.234703	-55.9093952	-55.9727091	-44.145876	-44.2004633	
3.244856	-55.9093952	-55.9639825	-44.145876	-44.2004633	
3.254964	-55.9093952	-55.9639825	-44.145876	-44.2004633	
3.265066	-55.9093952	-55.9552558	-44.145876	-44.2004633	
3.275272	-55.9093952	-55.9552558	-44.145876	-44.2004633	
3.285729	-55.9093952	-55.9552558	-44.145876	-44.2004633	
3.295536	-55.9093952	-55.9552558	-44.145876	-44.2004633	
3.305678	-55.9093952	-55.9552558	-44.145876	-44.2004633	
3.315807	-55.9093952	-55.9552558	-44.145876	-44.2004633	
3.325913	-55.9093952	-55.9552558	-44.145876	-44.2004633	
3.337388	-55.9093952	-55.9552558	-44.145876	-44.2004633	
3.346255	-55.9093952	-55.9552558	-44.145876	-44.2004633	
3.356378	-55.9093952	-55.9552558	-44.145876	-44.2004633	
3.366462	-55.9093952	-55.9552558	-44.145876	-44.2004633	
3.376619	-55.9093952	-55.9552558	-44.145876	-44.2004633	
3.38718	-55.9093952	-55.9552558	-44.145876	-44.2004633	
3.396934	-55.9093952	-55.9552558	-44.145876	-44.2004633	
3.407022	-55.9093952	-55.9552558	-44.145876	-44.2004633	
3.417609	-55.9093952	-55.9552558	-44.145876	-44.2004633	
3.427349	-55.9093952	-55.9552558	-44.145876	-44.2004633	
3.43742	-55.9093952	-55.9552558	-44.145876	-44.2004633	
3.447542	-55.9093952	-55.9552558	-44.145876	-44.2004633	
3.457663	-55.9093952	-55.9552558	-44.145876	-44.2004633	
3.467847	-55.9093952	-55.9552558	-44.145876	-44.2004633	
3.477917	-55.9093952	-55.9552558	-44.145876	-44.2004633	
3.488802	-55.9093952	-55.9552558	-44.145876	-44.2004633	
3.498186	-55.9093952	-55.9552558	-44.145876	-44.2004633	
3.508293	-55.9093952	-55.9552558	-44.145876	-44.2004633	
3.526406	-55.9093952	-55.9552558	-44.145876	-44.2004633	
3.530867	-55.9093952	-55.9552558	-44.145876	-44.2004633	
3.540978	-55.9093952	-55.9552558	-44.145876	-44.2004633	
3.551108	-55.9093952	-55.9552558	-44.145876	-44.2004633	
3.561259	-55.9093952	-55.9552558	-44.145876	-44.2004633	
3.571388	-55.9093952	-55.9552558	-44.145876	-44.2004633	
3.589878	-55.9093952	-55.9552558	-44.145876	-44.2004633	
3.594269	-55.9093952	-55.9552558	-44.145876	-44.2004633	
3.6044	-55.9093952	-55.9552558	-44.145876	-44.2004633	
3.614531	-55.9093952	-55.9552558	-44.145876	-44.2004633	
3.624819	-55.9093952	-55.9552558	-44.145876	-44.2004633	
3.634808	-55.9093952	-55.9552558	-44.145876	-44.2004633	
3.644928	-55.9093952	-55.9552558	-44.145876	-44.2004633	
3.655061	-55.9093952	-55.9552558	-44.145876	-44.2004633	
3.665184	-55.9093952	-55.9552558	-44.145876	-44.2004633	
3.675338	-55.9093952	-55.9552558	-44.145876	-44.2004633	
3.694203	-55.9093952	-55.9552558	-44.145876	-44.2004633	
3.698648	-55.9093952	-55.9552558	-44.145876	-44.2004633	
3.708738	-55.9093952	-55.9552558	-44.145876	-44.2004633	
3.718812	-55.9093952	-55.9552558	-44.145876	-44.2004633	
3.729301	-55.9093952	-55.9552558	-44.145876	-44.2004633	
3.739186	-55.9093952	-55.9552558	-44.145876	-44.2004633	
3.749235	-55.9093952	-55.9552558	-44.145876	-44.2004633	
3.759331	-55.9093952	-55.9552558	-44.145876	-44.2004633	
3.769429	-55.9093952	-55.9552558	-44.145876	-44.2004633	
3.779601	-55.9093952	-55.9552558	-44.145876	-44.2004633	
3.789785	-55.9093952	-55.9552558	-44.145876	-44.2004633	
3.808512	-55.9093952	-55.9552558	-44.145876	-44.2004633	
3.81297	-55.9093952	-55.9552558	-44.145876	-44.2004633	
3.823048	-55.9093952	-55.9552558	-44.145876	-44.2004633	
3.833223	-55.9093952	-55.9552558	-44.145876	-44.2004633	
3.843396	-55.9093952	-55.9552558	-44.145876	-44.2004633	
3.853479	-55.9093952	-55.9552558	-44.145876	-44.2004633	
3.863627	-55.9093952	-55.9552558	-44.145876	-44.2004633	
3.873783	-55.9093952	-55.9552558	-44.145876	-44.2004633	
3.884518	-55.9093952	-55.9552558	-44.145876	-44.2004633	
3.894084	-55.9093952	-55.9552558	-44.145876	-44.1917367	
3.904123	-55.9093952	-55.9552558	-44.145876	-44.1917367	
3.914295	-55.9093952	-55.9552558	-44.145876	-44.1917367	
3.92439	-55.9093952	-55.9552558	-44.145876	-44.18301	
3.934573	-55.9093952	-55.9552558	-44.145876	-44.1742834	
3.944684	-55.9093952	-55.9552558	-44.145876	-44.1742834	
3.954818	-55.9093952	-55.9552558	-44.145876	-44.1742834	
3.964956	-55.9093952	-55.9552558	-44.145876	-44.1742834	
3.975038	-55.9093952	-55.9552558	-44.145876	-44.1742834	
3.985877	-55.9093952	-55.9552558	-44.145876	-44.1742834	
3.995432	-55.9093952	-55.9552558	-44.145876	-44.1742834	
4.005522	-55.9093952	-55.9552558	-44.145876	-44.1655567	
4.015631	-55.9093952	-55.9465292	-44.145876	-44.1655567	
4.025771	-55.9093952	-55.9465292	-44.145876	-44.1655567	
4.035925	-55.9093952	-55.9465292	-44.145876	-44.1655567	
4.046054	-55.9093952	-55.9465292	-44.145876	-44.1655567	
4.056174	-55.9093952	-55.9465292	-44.145876	-44.1655567	
4.066308	-55.9093952	-55.9465292	-44.145876	-44.1655567	
4.076471	-55.9093952	-55.9465292	-44.145876	-44.1655567	
4.087221	-55.9093952	-55.9465292	-44.145876	-44.1655567	
4.096706	-55.9093952	-55.9465292	-44.145876	-44.1655567	
4.106884	-55.9093952	-55.9465292	-44.145876	-44.1655567	
4.116976	-55.9093952	-55.9465292	-44.145876	-44.1655567	
4.127139	-55.9093952	-55.9465292	-44.145876	-44.1655567	
4.137585	-55.9093952	-55.9465292	-44.145876	-44.1655567	
4.147405	-55.9093952	-55.9465292	-44.145876	-44.1655567	
4.157485	-55.9093952	-55.9465292	-44.145876	-44.1655567	
4.167605	-55.9093952	-55.9465292	-44.145876	-44.1655567	
4.177741	-55.9093952	-55.9465292	-44.145876	-44.1655567	
4.188513	-55.9093952	-55.9465292	-44.145876	-44.1655567	
4.198029	-55.9093952	-55.9465292	-44.145876	-44.1655567	
4.208131	-55.9093952	-55.9465292	-44.145876	-44.1655567	
4.218316	-55.9093952	-55.9465292	-44.145876	-44.1655567	
4.228473	-55.9093952	-55.9465292	-44.145876	-44.1655567	
4.24686	-55.9093952	-55.9465292	-44.145876	-44.1655567	
4.251304	-55.9093952	-55.9465292	-44.145876	-44.1655567	
4.261393	-55.9093952	-55.9465292	-44.145876	-44.1655567	
4.271506	-55.9093952	-55.9465292	-44.145876	-44.1655567	
4.281615	-55.9093952	-55.9465292	-44.145876	-44.1655567	
4.292795	-55.9093952	-55.9465292	-44.145876	-44.1655567	
4.301943	-55.9093952	-55.9465292	-44.145876	-44.1655567	
4.312112	-55.9093952	-55.9465292	-44.145876	-44.1655567	
4.322181	-55.9093952	-55.9465292	-44.145876	-44.1655567	
4.332318	-55.9093952	-55.9465292	-44.145876	-44.1655567	
4.342487	-55.9093952	-55.9465292	-44.145876	-44.1655567	
4.352614	-55.9093952	-55.9465292	-44.145876	-44.1655567	
4.362768	-55.9093952	-55.9465292	-44.145876	-44.1655567	
4.372861	-55.9093952	-55.9465292	-44.145876	-44.1655567	
4.382967	-55.9093952	-55.9465292	-44.145876	-44.1655567	
4.394204	-55.9093952	-55.9465292	-44.145876	-44.1655567	
4.403378	-55.9093952	-55.9465292	-44.145876	-44.1655567	
4.41345	-55.9093952	-55.9465292	-44.145876	-44.1655567	
4.423593	-55.9093952	-55.9465292	-44.145876	-44.1655567	
4.433695	-55.9093952	-55.9465292	-44.145876	-44.1655567	
4.443863	-55.9093952	-55.9465292	-44.145876	-44.1655567	
4.453994	-55.9093952	-55.9465292	-44.145876	-44.1655567	
4.464132	-55.9093952	-55.9465292	-44.145876	-44.1655567	
4.474255	-55.9093952	-55.9465292	-44.145876	-44.1655567	
4.484358	-55.9093952	-55.9465292	-44.145876	-44.1655567	
4.495577	-55.9093952	-55.9465292	-44.145876	-44.1655567	
4.504707	-55.9093952	-55.9465292	-44.145876	-44.1655567	
4.514797	-55.9093952	-55.9465292	-44.145876	-44.1655567	
4.524922	-55.9093952	-55.9465292	-44.145876	-44.1655567	
4.535062	-55.9093952	-55.9465292	-44.145876	-44.1655567	
4.545223	-55.9093952	-55.9465292	-44.145876	-44.1655567	
4.555416	-55.9093952	-55.9465292	-44.145876	-44.1655567	
4.565507	-55.9093952	-55.9465292	-44.145876	-44.1655567	
4.575612	-55.9093952	-55.9465292	-44.145876	-44.1655567	
4.585714	-55.9093952	-55.9465292	-44.145876	-44.1655567	
4.597006	-55.9093952	-55.9465292	-44.145876	-44.1655567	
4.606285	-55.9093952	-55.9465292	-44.145876	-44.1655567	
4.616405	-55.9093952	-55.9465292	-44.145876	-44.1655567	
4.626942	-55.9093952	-55.9465292	-44.145876	-44.1655567	
4.636717	-55.9093952	-55.9465292	-44.145876	-44.1655567	
4.646819	-55.9093952	-55.9465292	-44.145876	-44.1655567	
4.656924	-55.9093952	-55.9465292	-44.145876	-44.1655567	
4.667052	-55.9093952	-55.9465292	-44.145876	-44.1655567	
4.677194	-55.9093952	-55.9465292	-44.145876	-44.1655567	
4.68759	-55.9093952	-55.9465292	-44.145876	-44.1655567	
4.698473	-55.9093952	-55.9465292	-44.145876	-44.1655567	
4.707639	-55.9093952	-55.9465292	-44.145876	-44.1655567	
4.717697	-55.9093952	-55.9465292	-44.145876	-44.1655567	
4.727847	-55.9093952	-55.9465292	-44.145876	-44.1655567	
4.737994	-55.9093952	-55.9465292	-44.145876	-44.1655567	
4.748107	-55.9093952	-55.9465292	-44.145876	-44.1655567	
4.758213	-55.9093952	-55.9465292	-44.145876	-44.1655567	
4.768346	-55.9093952	-55.9465292	-44.145876	-44.1655567	
4.786453	-55.9093952	-55.9465292	-44.145876	-44.1655567	
4.790821	-55.9093952	-55.9465292	-44.145876	-44.1655567	
4.801015	-55.9093952	-55.9465292	-44.145876	-44.1655567	
4.81126	-55.9093952	-55.9465292	-44.145876	-44.1655567	
4.821285	-55.9093952	-55.9465292	-44.145876	-44.1655567	
4.831422	-55.9093952	-55.9465292	-44.145876	-44.1655567	
4.841574	-55.9093952	-55.9465292	-44.145876	-44.1655567	
4.851765	-55.9093952	-55.9465292	-44.145876	-44.1655567	
4.86186	-55.9093952	-55.9465292	-44.145876	-44.1655567	
4.871966	-55.9093952	-55.9465292	-44.145876	-44.1655567	
4.882166	-55.9093952	-55.9465292	-44.145876	-44.1655567	
4.892227	-55.9093952	-55.9465292	-44.145876	-44.1655567	
4.902457	-55.9093952	-55.9465292	-44.145876	-44.1655567	
4.91259	-55.9093952	-55.9465292	-44.145876	-44.1655567	
4.922731	-55.9093952	-55.9465292	-44.145876	-44.1655567	
4.932893	-55.9093952	-55.9465292	-44.145876	-44.1655567	
4.942973	-55.9093952	-55.9465292	-44.145876	-44.1655567	
4.953143	-55.9093952	-55.9465292	-44.145876	-44.1655567	
4.963354	-55.9093952	-55.9465292	-44.145876	-44.1655567	
4.973409	-55.9093952	-55.9465292	-44.145876	-44.1655567	
4.983533	-55.9093952	-55.9465292	-44.145876	-44.1655567	
4.993633	-55.9093952	-55.9465292	-44.145876	-44.1655567	
5.003965	-55.9093952	-55.9465292	-44.145876	-44.1655567	
5.014101	-55.9093952	-55.9465292	-44.145876	-44.1655567	
5.024218	-55.9093952	-55.9465292	-44.145876	-44.1655567	
5.034348	-55.9093952	-55.9465292	-44.145876	-44.1655567	
5.044484	-55.9093952	-55.9465292	-44.145876	-44.1655567	
5.054623	-55.9093952	-55.9465292	-44.145876	-44.1655567	
5.06478	-55.9093952	-55.9465292	-44.145876	-44.1655567	
5.074887	-55.9093952	-55.9465292	-44.145876	-44.1655567	
5.085009	-55.9093952	-55.9465292	-44.145876	-44.1655567	
5.095111	-55.9093952	-55.9465292	-44.145876	-44.1655567	
5.105331	-55.9093952	-55.9465292	-44.145876	-44.1655567	
5.115531	-55.9093952	-55.9465292	-44.145876	-44.1655567	
5.125552	-55.9093952	-55.9465292	-44.145876	-44.1655567	
5.135731	-55.9093952	-55.9465292	-44.145876	-44.1655567	
5.146885	-55.9093952	-55.9465292	-44.145876	-44.1655567	
5.156183	-55.9093952	-55.9465292	-44.145876	-44.1655567	
5.166157	-55.9093952	-55.9465292	-44.145876	-44.1655567	
5.176267	-55.9093952	-55.9465292	-44.145876	-44.1655567	
5.194594	-55.9093952	-55.9465292	-44.145876	-44.1655567	
5.19934	-55.9093952	-55.9465292	-44.145876	-44.1655567	
5.209527	-55.9093952	-55.9465292	-44.145876	-44.1655567	
5.21936	-55.9093952	-55.9465292	-44.145876	-44.1655567	
5.229408	-55.9093952	-55.9465292	-44.145876	-44.1655567	
5.23949	-55.9093952	-55.9465292	-44.145876	-44.1655567	
5.249727	-55.9093952	-55.9465292	-44.145876	-44.1655567	
5.259911	-55.9093952	-55.9465292	-44.145876	-44.1655567	
5.277828	-55.9093952	-55.9465292	-44.145876	-44.1655567	
5.282222	-55.9093952	-55.9465292	-44.145876	-44.1655567	
5.292294	-55.9093952	-55.9465292	-44.145876	-44.1655567	
5.30331	-55.9093952	-55.9465292	-44.145876	-44.1655567	
5.312658	-55.9093952	-55.9465292	-44.145876	-44.1655567	
5.322735	-55.9093952	-55.9465292	-44.145876	-44.1655567	
5.332935	-55.9093952	-55.9465292	-44.145876	-44.1655567	
5.352012	-55.9093952	-55.9465292	-44.145876	-44.1655567	
5.356574	-55.9093952	-55.9465292	-44.145876	-44.1655567	
5.366544	-55.9093952	-55.9465292	-44.145876	-44.1655567	
5.376629	-55.9093952	-55.9465292	-44.145876	-44.1655567	
5.386806	-55.9093952	-55.9465292	-44.145876	-44.1655567	
5.396911	-55.9093952	-55.9465292	-44.145876	-44.1655567	
5.407494	-55.9093952	-55.9465292	-44.145876	-44.1655567	
5.417214	-55.9093952	-55.9465292	-44.145876	-44.1655567	
5.427417	-55.9093952	-55.9465292	-44.145876	-44.1655567	
5.437449	-55.9093952	-55.9465292	-44.145876	-44.1655567	
5.44776	-55.9093952	-55.9465292	-44.145876	-44.1655567	
5.457689	-55.9093952	-55.9465292	-44.145876	-44.1655567	
5.467854	-55.9093952	-55.9465292	-44.145876	-44.1655567	
5.477958	-55.9093952	-55.9465292	-44.145876	-44.1655567	
5.488068	-55.9093952	-55.9465292	-44.145876	-44.1655567	
5.498279	-55.9093952	-55.9465292	-44.145876	-44.1655567	
5.509005	-55.9093952	-55.9465292	-44.145876	-44.1655567	
5.518595	-55.9093952	-55.9465292	-44.145876	-44.1655567	
5.528663	-55.9093952	-55.9465292	-44.145876	-44.1655567	
5.538796	-55.9093952	-55.9465292	-44.145876	-44.1655567	
5.549292	-55.9093952	-55.9465292	-44.145876	-44.1655567	
5.559034	-55.9093952	-55.9465292	-44.145876	-44.1655567	
5.569205	-55.9093952	-55.9465292	-44.145876	-44.1655567	
5.579384	-55.9093952	-55.9465292	-44.145876	-44.1655567	
5.589416	-55.9093952	-55.9465292	-44.145876	-44.1655567	
5.599585	-55.9093952	-55.9465292	-44.145876	-44.1655567	
5.610438	-55.9093952	-55.9465292	-44.145876	-44.1655567	
5.619871	-55.9093952	-55.9465292	-44.145876	-44.1655567	
5.637854	-55.9093952	-55.9465292	-44.145876	-44.1655567	
5.642272	-55.9093952	-55.9465292	-44.145876	-44.1655567	
5.652317	-55.9093952	-55.9465292	-44.145876	-44.1655567	
5.662512	-55.9093952	-55.9465292	-44.145876	-44.1655567	
5.672662	-55.9093952	-55.9465292	-44.145876	-44.1655567	
5.68281	-55.9093952	-55.9465292	-44.145876	-44.1655567	
5.692975	-55.9093952	-55.9465292	-44.145876	-44.1655567	
5.703039	-55.9093952	-55.9465292	-44.145876	-44.1655567	
5.713249	-55.9093952	-55.9465292	-44.145876	-44.1655567	
5.723484	-55.9093952	-55.9465292	-44.145876	-44.1655567	
5.733528	-55.9093952	-55.9465292	-44.145876	-44.1655567	
5.743655	-55.9093952	-55.9465292	-44.145876	-44.1655567	
5.753759	-55.9093952	-55.9465292	-44.145876	-44.1655567	
5.76393	-55.9093952	-55.9465292	-44.145876	-44.1655567	
5.774302	-55.9093952	-55.9465292	-44.145876	-44.1655567	
5.784171	-55.9093952	-55.9378025	-44.145876	-44.1655567	
5.794301	-55.9093952	-55.9378025	-44.145876	-44.1655567	
5.814224	-55.9093952	-55.9378025	-44.145876	-44.1655567	
5.818631	-55.9093952	-55.9378025	-44.145876	-44.1655567	
5.828847	-55.9093952	-55.9378025	-44.145876	-44.1655567	
5.838894	-55.9093952	-55.9378025	-44.145876	-44.1655567	
5.848999	-55.9093952	-55.9378025	-44.145876	-44.1655567	
5.859384	-55.9093952	-55.9378025	-44.145876	-44.1655567	
5.86924	-55.9093952	-55.9378025	-44.145876	-44.1655567	
5.879413	-55.9093952	-55.9378025	-44.145876	-44.1655567	
5.889529	-55.9093952	-55.9378025	-44.145876	-44.1655567	
5.899674	-55.9093952	-55.9378025	-44.145876	-44.1655567	
5.909792	-55.9093952	-55.9378025	-44.145876	-44.1655567	
5.927894	-55.9093952	-55.9378025	-44.145876	-44.1655567	
5.932283	-55.9093952	-55.9378025	-44.145876	-44.1655567	
5.942419	-55.9093952	-55.9378025	-44.145876	-44.1655567	
5.952508	-55.9093952	-55.9378025	-44.145876	-44.1655567	
5.9627	-55.9093952	-55.9378025	-44.145876	-44.1655567	
5.972879	-55.9093952	-55.9378025	-44.145876	-44.1655567	
5.983224	-55.9093952	-55.9378025	-44.145876	-44.1655567	
5.993108	-55.9093952	-55.9378025	-44.145876	-44.1655567	
6.003393	-55.9093952	-55.9378025	-44.145876	-44.1655567	
6.014136	-55.9093952	-55.9378025	-44.145876	-44.1655567	
6.023542	-55.9093952	-55.9378025	-44.145876	-44.1655567	
6.033674	-55.9093952	-55.9378025	-44.145876	-44.1655567	
6.043842	-55.9093952	-55.9378025	-44.145876	-44.1655567	
6.053899	-55.9093952	-55.9378025	-44.145876	-44.1655567	
6.064059	-55.9093952	-55.9378025	-44.145876	-44.1655567	
6.074232	-55.9093952	-55.9378025	-44.145876	-44.1655567	
6.084344	-55.9093952	-55.9378025	-44.145876	-44.1655567	
6.094481	-55.9093952	-55.9378025	-44.145876	-44.1655567	
6.104561	-55.9093952	-55.9378025	-44.145876	-44.1655567	
6.115552	-55.9093952	-55.9378025	-44.145876	-44.1655567	
6.124955	-55.9093952	-55.9378025	-44.145876	-44.1655567	
6.135063	-55.9093952	-55.9378025	-44.145876	-44.1655567	
6.145184	-55.9093952	-55.9378025	-44.145876	-44.1655567	
6.155342	-55.9093952	-55.9378025	-44.145876	-44.1655567	
6.165464	-55.9093952	-55.9378025	-44.145876	-44.1655567	
6.17559	-55.9093952	-55.9378025	-44.145876	-44.1655567	
6.185721	-55.9093952	-55.9378025	-44.145876	-44.1655567	
6.195939	-55.9093952	-55.9378025	-44.145876	-44.1655567	
6.206326	-55.9093952	-55.9378025	-44.145876	-44.1655567	
6.217583	-55.9093952	-55.9378025	-44.145876	-44.1655567	
6.226398	-55.9093952	-55.9378025	-44.145876	-44.1655567	
6.236466	-55.9093952	-55.9378025	-44.145876	-44.1655567	
6.246668	-55.9093952	-55.9378025	-44.145876	-44.1655567	
6.256764	-55.9093952	-55.9378025	-44.145876	-44.1655567	
6.266929	-55.9093952	-55.9378025	-44.145876	-44.1655567	
6.277058	-55.9093952	-55.9378025	-44.145876	-44.1655567	
6.287157	-55.9093952	-55.9378025	-44.145876	-44.1655567	
6.305351	-55.9093952	-55.9378025	-44.145876	-44.1655567	
6.309739	-55.9093952	-55.9378025	-44.145876	-44.1655567	
6.32014	-55.9093952	-55.9378025	-44.145876	-44.1655567	
6.337998	-55.9093952	-55.9378025	-44.145876	-44.1655567	
6.343259	-55.9093952	-55.9378025	-44.145876	-44.1655567	
6.352503	-55.9093952	-55.9378025	-44.145876	-44.1655567	
6.362602	-55.9093952	-55.9378025	-44.145876	-44.1655567	
6.37278	-55.9093952	-55.9378025	-44.145876	-44.1655567	
6.382904	-55.9093952	-55.9378025	-44.145876	-44.1655567	
6.393064	-55.9093952	-55.9378025	-44.145876	-44.1655567	
6.411251	-55.9093952	-55.9378025	-44.145876	-44.1655567	
6.415573	-55.9093952	-55.9378025	-44.145876	-44.1655567	
6.425793	-55.9093952	-55.9378025	-44.145876	-44.1655567	
6.435959	-55.9093952	-55.9378025	-44.145876	-44.1655567	
6.446082	-55.9093952	-55.9378025	-44.145876	-44.1655567	
6.456189	-55.9093952	-55.9378025	-44.145876	-44.1655567	
6.46647	-55.9093952	-55.9378025	-44.145876	-44.1655567	
6.476476	-55.9093952	-55.9378025	-44.145876	-44.1655567	
6.486603	-55.9093952	-55.9378025	-44.145876	-44.1655567	
6.496728	-55.9093952	-55.9378025	-44.145876	-44.1655567	
6.506846	-55.9093952	-55.9378025	-44.145876	-44.1655567	
6.517422	-55.9093952	-55.9378025	-44.145876	-44.1655567	
6.527211	-55.9093952	-55.9378025	-44.145876	-44.1655567	
6.537325	-55.9093952	-55.9378025	-44.145876	-44.1655567	
6.54752	-55.9093952	-55.9378025	-44.145876	-44.1655567	
6.557553	-55.9093952	-55.9378025	-44.145876	-44.1655567	
6.567834	-55.9093952	-55.9378025	-44.145876	-44.1655567	
6.577832	-55.9093952	-55.9378025	-44.145876	-44.1655567	
6.58797	-55.9093952	-55.9378025	-44.145876	-44.1655567	
6.598087	-55.9093952	-55.9378025	-44.145876	-44.1655567	
6.608238	-55.9093952	-55.9378025	-44.145876	-44.1655567	
6.618378	-55.9093952	-55.9378025	-44.145876	-44.1655567	
6.628602	-55.9093952	-55.9378025	-44.145876	-44.1655567	
6.638691	-55.9093952	-55.9378025	-44.145876	-44.1655567	
6.648799	-55.9093952	-55.9378025	-44.145876	-44.1655567	
6.658882	-55.9093952	-55.9378025	-44.145876	-44.1655567	
6.67149	-55.9093952	-55.9378025	-44.145876	-44.1655567	
6.681569	-55.9093952	-55.9378025	-44.145876	-44.1655567	
6.691707	-55.9093952	-55.9378025	-44.145876	-44.1655567	
6.701846	-55.9093952	-55.9290759	-44.145876	-44.1655567	
6.711958	-55.9093952	-55.9290759	-44.145876	-44.1655567	
