8.238793	-0.00286058294	0.0174532925	-0.000313875463	0.0174532925	
8.247535	-0.00156442278	0.0174532925	0.000982284698	0.0174532925	
8.257653	0.000592471033	0.00872664626	0.00313917851	0.0174532925	
8.267769	0.00336312204	0.00872664626	0.00590982952	0.0174532925	
8.277949	0.00677462407	0.00872664626	0.00932133155	0.0174532925	
8.288068	0.0107780738	0.00872664626	0.0133247813	0.0174532925	
8.298208	0.0154078153	0.0174532925	0.0179545228	0.0174532925	
8.308567	0.0207900454	0.0261799388	0.0233367528	0.0174532925	
8.318504	0.0265319832	0.034906585	0.0290786907	0.0261799388	
8.328611	0.0329888683	0.034906585	0.0355355758	0.034906585	
8.339865	0.0409835815	0.0436332313	0.043530289	0.0523598776	
8.348897	0.0478198559	0.0523598776	0.0503665633	0.0523598776	
8.359043	0.0561570674	0.0610865238	0.0587037749	0.0610865238	
8.369168	0.0650886814	0.0698131701	0.0676353889	0.0698131701	
8.379239	0.0748319603	0.0785398163	0.0773786678	0.0872664626	
8.389451	0.0848373339	0.0872664626	0.0873840414	0.0872664626	
8.399617	0.0956654658	0.104719755	0.0982121733	0.104719755	
8.409723	0.107041875	0.104719755	0.109588582	0.113446401	
8.419832	0.119032469	0.113446401	0.121579177	0.122173048	
8.429987	0.13170301	0.130899694	0.134249718	0.130899694	
8.441173	0.146446753	0.13962634	0.14899346	0.13962634	
8.45029	0.158892479	0.13962634	0.161439186	0.148352986	
8.460501	0.173501623	0.148352986	0.176048331	0.157079633	
8.47054	0.188458013	0.148352986	0.191004721	0.157079633	
8.480636	0.204117212	0.157079633	0.206663919	0.165806279	
8.49093	0.220732252	0.165806279	0.22327896	0.174532925	
8.50896	0.252192903	0.174532925	0.254739611	0.191986218	
8.513305	0.259703669	0.183259571	0.262250376	0.191986218	
8.523409	0.277966811	0.200712864	0.280513519	0.20943951	
8.533512	0.296838459	0.20943951	0.299385167	0.226892803	
8.552741	0.335526471	0.244346095	0.338073178	0.261799388	
8.557083	0.344167714	0.253072742	0.346714421	0.261799388	
8.567248	0.365225113	0.27925268	0.36777182	0.27925268	
8.577341	0.3867228	0.296705973	0.389269507	0.305432619	
8.58742	0.408814994	0.322885912	0.411361702	0.331612558	
8.597563	0.431673841	0.34906585	0.434220549	0.357792497	
8.60774	0.455212994	0.383972435	0.457759701	0.383972435	
8.617858	0.479237456	0.410152374	0.481784164	0.410152374	
8.628001	0.503941849	0.445058959	0.506488557	0.445058959	
8.638144	0.52926106	0.479965544	0.531807767	0.479965544	
8.648354	0.555377683	0.514872129	0.557924391	0.523598776	
8.658438	0.581770343	0.549778714	0.58431705	0.558505361	
8.668545	0.608844884	0.593411946	0.611391591	0.602138592	
8.67872	0.636724946	0.628318531	0.639271653	0.637045177	
8.688783	0.664888023	0.663225116	0.667434731	0.671951762	
8.698972	0.694047848	0.698131701	0.696594555	0.706858347	
8.709149	0.72380067	0.733038286	0.726347377	0.741764932	
8.719493	0.754673811	0.767944871	0.757220519	0.767944871	
8.729558	0.785307168	0.802851456	0.787853875	0.802851456	
8.739765	0.817030696	0.837758041	0.819577404	0.837758041	
8.749952	0.849295319	0.872664626	0.851842027	0.872664626	
8.759977	0.881625079	0.898844565	0.884171787	0.898844565	
8.770095	0.914891546	0.93375115	0.917438253	0.93375115	
8.78022	0.948799773	0.959931089	0.95134648	0.959931089	
8.790329	0.98327421	0.986111027	0.985820918	0.994837674	
8.800595	1.01891789	1.01229097	1.0214646	1.02974426	
8.810633	1.0543427	1.04719755	1.0568894	1.06465084	
8.820779	1.09078757	1.08210414	1.09333428	1.09083078	
8.83087	1.12764794	1.10828408	1.13019465	1.11701072	
8.841127	1.16574727	1.14319066	1.16829397	1.15191731	
8.851194	1.20374704	1.17809725	1.20629375	1.17809725	
8.861337	1.2426416	1.20427718	1.24518831	1.20427718	
8.871492	1.28220503	1.23918377	1.28475174	1.23918377	
8.881569	1.3220754	1.282817	1.32462211	1.27409035	
8.900136	1.3988626	1.31772359	1.40140931	1.30899694	
8.916542	1.46677513	1.40499005	1.46932183	1.41371669	
8.920838	1.48467669	1.42244334	1.4872234	1.43116999	
8.930933	1.52761737	1.46607657	1.53016408	1.48352986	
8.941142	1.57167635	1.5097098	1.57422305	1.51843645	
8.951305	1.61432113	1.56206968	1.61686784	1.57079633	
8.961349	1.65583855	1.60570291	1.65838526	1.61442956	
8.971479	1.69712506	1.66678944	1.69967177	1.65806279	
8.981587	1.73773278	1.71914931	1.74027949	1.71914931	
8.999987	1.80925204	1.77150919	1.81179874	1.76278254	
9.00427	1.82594005	1.84132236	1.82848676	1.83259571	
9.014419	1.86475633	1.89368224	1.86730303	1.89368224	
9.024581	1.9030415	1.95476876	1.9055882	1.93731547	
9.034657	1.9403836	1.99840199	1.94293031	1.98967535	
9.044867	1.97764318	2.05948852	1.98018989	2.04203522	
9.055208	2.01473184	2.10312175	2.01727855	2.08566846	
9.065142	2.04979429	2.14675498	2.052341	2.12930169	
9.075685	2.08636474	2.19911486	2.08891145	2.17293492	
9.085398	2.11949833	2.23402144	2.12204503	2.21656815	
9.095561	2.15357405	2.26892803	2.15612076	2.25147474	
9.105711	2.18699497	2.30383461	2.18954168	2.28638132	
9.115858	2.21981481	2.32128791	2.22236152	2.32128791	
9.126098	2.25235516	2.34746784	2.25490187	2.35619449	
9.136105	2.28353223	2.37364778	2.28607894	2.39110108	
9.146284	2.31466161	2.38237443	2.31720832	2.41728101	
9.156475	2.34523463	2.40855437	2.34778133	2.43473431	
9.166605	2.37501522	2.42600766	2.37756192	2.46091425	
9.176718	2.40416091	2.44346095	2.40670761	2.46964089	
9.186813	2.4326666	2.46091425	2.43521331	2.48709418	
9.19702	2.46090275	2.47836754	2.46344946	2.49582083	
9.207138	2.48828078	2.49582083	2.49082749	2.51327412	
9.217278	2.51513588	2.51327412	2.51768258	2.53072742	
9.227404	2.54143404	2.52200077	2.54398075	2.53945406	
9.237531	2.56699989	2.54818071	2.5695466	2.55690735	
9.247685	2.59210886	2.55690735	2.59465557	2.565634	
9.25788	2.61673119	2.58308729	2.6192779	2.58308729	
9.267989	2.64055564	2.59181394	2.64310234	2.60054059	
9.278155	2.66393014	2.61799388	2.66647685	2.61799388	
9.288226	2.6864916	2.64417382	2.6890383	2.64417382	
9.298392	2.70868422	2.66162711	2.71123092	2.67035376	
9.308645	2.73046894	2.68780705	2.73301564	2.68780705	
9.328144	2.76922666	2.74016693	2.77177337	2.74016693	
9.332417	2.77778703	2.75762022	2.78033374	2.74889357	
9.342596	2.79745467	2.78380016	2.80000138	2.77507351	
9.353596	2.8180063	2.8099801	2.82055301	2.80125345	
9.362849	2.8348306	2.83616003	2.83737731	2.82743339	
9.372979	2.85266674	2.87106662	2.85521345	2.85361333	
9.383102	2.86991872	2.89724656	2.87246543	2.87979327	
9.393255	2.88663709	2.9234265	2.8891838	2.91469985	
9.403738	2.90328141	2.94960644	2.90582812	2.93215314	
9.413807	2.91870922	2.96705973	2.92125593	2.95833308	
9.423939	2.93366423	3.00196631	2.93621093	2.98451302	
9.434083	2.94806634	3.01941961	2.95061304	3.01069296	
9.444462	2.96220147	3.0368729	2.96474817	3.0368729	
9.45489	2.97580684	3.04559954	2.97835355	3.05432619	
9.464786	2.98818611	3.06305284	2.99073282	3.07177948	
9.474892	3.00026809	3.07177948	3.00281479	3.08050613	
9.485048	3.01185058	3.08050613	3.01439729	3.08923278	
9.495174	3.02284223	3.08923278	3.02538894	3.09795942	
9.505341	3.03331939	3.09795942	3.0358661	3.09795942	
9.515532	3.04326342	3.09795942	3.04581013	3.09795942	
9.525638	3.05258577	3.09795942	3.05513248	3.09795942	
9.535773	3.06138915	3.08923278	3.06393586	3.08923278	
9.545951	3.0696895	3.08050613	3.0722362	3.08923278	
9.565164	3.08297444	3.07177948	3.08552115	3.08923278	
9.569486	3.08603197	3.07177948	3.08857868	3.08923278	
9.579631	3.09255909	3.07177948	3.0951058	3.08923278	
9.589749	3.09856046	3.07177948	3.10110717	3.08923278	
9.599833	3.10404923	3.08050613	3.10659594	3.08923278	
9.610003	3.10908436	3.08050613	3.11163107	3.09795942	
9.620106	3.11360754	3.08923278	3.11615424	3.09795942	
9.630301	3.11769106	3.09795942	3.12023777	3.10668607	
9.640403	3.12128234	3.10668607	3.12382905	3.11541271	
9.650957	3.12454083	3.10668607	3.12708753	3.12413936	
9.660791	3.12718832	3.11541271	3.12973503	3.12413936	
9.670875	3.12949231	3.12413936	3.13203901	3.12413936	
9.680997	3.13141883	3.13286601	3.13396554	3.12413936	
9.691103	3.13298685	3.14159265	3.13553356	3.12413936	
9.701263	3.13751685	3.14159265	3.14006356	3.13286601	
9.711423	3.13751685	3.14159265	3.14006356	3.14159265	
9.721516	3.13751685	3.14159265	3.14006356	3.14159265	
9.733481	3.13751685	3.14159265	3.14006356	3.14159265	
9.743591	3.13751685	3.14159265	3.14006356	3.14159265	
9.753774	3.13751685	3.14159265	3.14006356	3.14159265	
