1.953452	0.000949440969	0	0.000949440969	0	
1.963519	0.00248023093	0	0.00248023093	0	
1.973616	0.00462977199	0	0.00462977199	0	
1.983731	0.00739732703	0	0.00739732703	0	
1.993886	0.0107962152	0	0.0107962152	0	
2.004088	0.0148344397	0	0.0148344397	0	
2.014282	0.0194955615	0	0.0194955615	0	
2.024439	0.0247578727	0	0.0247578727	0	
2.034539	0.0305978866	0	0.0305978866	0	
2.044772	0.0371504871	0	0.0371504871	0	
2.055187	0.0444779719	0	0.0444779719	0	
2.064953	0.0518933968	0	0.0518933968	0	
2.075043	0.0601812017	0	0.0601812017	0	
2.085179	0.0691265674	0	0.0691265674	0	
2.095531	0.0789114258	0	0.0789114258	0	
2.105515	0.0889345631	0	0.0889345631	0.00872664626	
2.1156	0.0996666181	0.0174532925	0.0996666181	0.00872664626	
2.125744	0.111087382	0.0261799388	0.111087382	0.0174532925	
2.135863	0.123095008	0.0436332313	0.123095008	0.0261799388	
2.146037	0.135788192	0.0610865238	0.135788192	0.0436332313	
2.156202	0.149089836	0.0785398163	0.149089836	0.0523598776	
2.166368	0.163012905	0.104719755	0.163012905	0.0698131701	
2.176489	0.177487585	0.130899694	0.177487585	0.0872664626	
2.186661	0.192657577	0.148352986	0.192657577	0.104719755	
2.196773	0.208353069	0.174532925	0.208353069	0.122173048	
2.206899	0.22468617	0.183259571	0.22468617	0.157079633	
2.21705	0.241664731	0.20943951	0.241664731	0.183259571	
2.227177	0.259227956	0.235619449	0.259227956	0.20943951	
2.237323	0.277446133	0.253072742	0.277446133	0.235619449	
2.247468	0.296280254	0.27925268	0.296280254	0.270526034	
2.257688	0.315874781	0.305432619	0.315874781	0.296705973	
2.267815	0.335913582	0.322885912	0.335913582	0.331612558	
2.278607	0.357995017	0.34906585	0.357995017	0.366519143	
2.288067	0.377819633	0.375245789	0.377819633	0.392699082	
2.298173	0.399648586	0.392699082	0.399648586	0.41887902	
2.308281	0.422099451	0.41887902	0.422099451	0.445058959	
2.318449	0.445301105	0.436332313	0.445301105	0.471238898	
2.328648	0.469215491	0.453785606	0.469215491	0.506145483	
2.338807	0.493629929	0.479965544	0.493629929	0.523598776	
2.348908	0.518525086	0.497418837	0.518525086	0.549778714	
2.359092	0.542448827	0.523598776	0.542448827	0.575958653	
2.369304	0.565842815	0.549778714	0.565842815	0.593411946	
2.379357	0.588316839	0.567232007	0.588316839	0.610865238	
2.389562	0.610555731	0.593411946	0.610555731	0.637045177	
2.399637	0.631942816	0.619591884	0.631942816	0.654498469	
2.409729	0.65278666	0.637045177	0.65278666	0.680678408	
2.419897	0.673222949	0.663225116	0.673222949	0.698131701	
2.430035	0.69302941	0.689405055	0.69302941	0.715584993	
2.440408	0.712704691	0.715584993	0.712704691	0.72431164	
2.450345	0.730990652	0.733038286	0.730990652	0.750491578	
2.46078	0.74960304	0.759218225	0.74960304	0.759218225	
2.470614	0.766607339	0.776671517	0.766607339	0.776671517	
2.480744	0.783559995	0.802851456	0.783559995	0.785398163	
2.490899	0.799986727	0.820304748	0.799986727	0.802851456	
2.501	0.815773929	0.837758041	0.815773929	0.820304748	
2.511178	0.831118018	0.86393798	0.831118018	0.829031395	
2.521382	0.84592374	0.872664626	0.84592374	0.846484687	
2.531445	0.859983314	0.890117919	0.859983314	0.855211333	
2.541576	0.873580601	0.907571211	0.873580601	0.872664626	
2.551873	0.88691916	0.925024504	0.88691916	0.890117919	
2.561888	0.899179247	0.942477796	0.899179247	0.898844565	
2.572018	0.911113523	0.942477796	0.911113523	0.907571211	
2.582149	0.922505387	0.951204442	0.922505387	0.925024504	
2.592294	0.933368575	0.951204442	0.933368575	0.93375115	
2.602361	0.94361798	0.959931089	0.94361798	0.942477796	
2.612533	0.953419686	0.968657735	0.953419686	0.951204442	
2.622662	0.962650299	0.977384381	0.962650299	0.959931089	
2.632842	0.971389516	0.977384381	0.971389516	0.968657735	
2.642928	0.979525488	0.986111027	0.979525488	0.977384381	
2.653232	0.987292416	0.994837674	0.987292416	0.994837674	
2.66326	0.99434926	1.00356432	0.99434926	0.994837674	
2.673417	1.00097365	1.00356432	1.00097365	1.00356432	
2.683503	1.00705203	1.00356432	1.00705203	1.01229097	
2.693593	1.01263724	1.01229097	1.01263724	1.01229097	
2.703769	1.01777271	1.01229097	1.01777271	1.02101761	
2.713936	1.02241256	1.01229097	1.02241256	1.02974426	
2.724066	1.0265646	1.01229097	1.0265646	1.02974426	
2.734158	1.03024398	1.01229097	1.03024398	1.02974426	
2.74426	1.03348054	1.02101761	1.03348054	1.02974426	
2.755841	1.03659064	1.02101761	1.03659064	1.02974426	
2.764596	1.03868987	1.02101761	1.03868987	1.02974426	
2.774693	1.04069494	1.02101761	1.04069494	1.0384709	
2.78482	1.04234199	1.02101761	1.04234199	1.0384709	
2.794904	1.04719755	1.02101761	1.04719755	1.04719755	
2.805078	1.04719755	1.02101761	1.04719755	1.04719755	
2.815194	1.04719755	1.02101761	1.04719755	1.04719755	
2.825371	1.04719755	1.02101761	1.04719755	1.0384709	
2.835587	1.04719755	1.02101761	1.04719755	1.0384709	
2.845558	1.04719755	1.02101761	1.04719755	1.0384709	
2.857293	1.04719755	1.02101761	1.04719755	1.0384709	
2.866212	1.04719755	1.02101761	1.04719755	1.0384709	
2.876334	1.04719755	1.02101761	1.04719755	1.0384709	
2.886451	1.04719755	1.02101761	1.04719755	1.0384709	
2.896613	1.04719755	1.02101761	1.04719755	1.0384709	
2.906775	1.04719755	1.02101761	1.04719755	1.0384709	
2.916913	1.04719755	1.02101761	1.04719755	1.0384709	
2.927039	1.04719755	1.02101761	1.04719755	1.0384709	
2.937222	1.04719755	1.02101761	1.04719755	1.0384709	
2.947289	1.04719755	1.02101761	1.04719755	1.0384709	
2.95847	1.04719755	1.02101761	1.04719755	1.0384709	
2.96765	1.04719755	1.02101761	1.04719755	1.0384709	
2.977714	1.04719755	1.02101761	1.04719755	1.0384709	
2.987886	1.04719755	1.02101761	1.04719755	1.0384709	
2.997985	1.04719755	1.02101761	1.04719755	1.0384709	
3.008153	1.04719755	1.02101761	1.04719755	1.0384709	
3.018323	1.04719755	1.02101761	1.04719755	1.0384709	
3.028443	1.04719755	1.02101761	1.04719755	1.0384709	
3.038615	1.04719755	1.02101761	1.04719755	1.0384709	
3.048699	1.04719755	1.02101761	1.04719755	1.0384709	
3.059668	1.04719755	1.02101761	1.04719755	1.0384709	
3.069053	1.04719755	1.02101761	1.04719755	1.0384709	
3.079173	1.04719755	1.02101761	1.04719755	1.0384709	
3.089522	1.04719755	1.02101761	1.04719755	1.0384709	
3.099554	1.04719755	1.02101761	1.04719755	1.0384709	
3.109742	1.04719755	1.02101761	1.04719755	1.0384709	
3.119892	1.04719755	1.02101761	1.04719755	1.0384709	
3.130022	1.04719755	1.02101761	1.04719755	1.0384709	
3.14054	1.04719755	1.02101761	1.04719755	1.0384709	
3.150616	1.04719755	1.02101761	1.04719755	1.0384709	
3.160835	1.04719755	1.02101761	1.04719755	1.0384709	
3.171021	1.04719755	1.02101761	1.04719755	1.0384709	
3.181115	1.04719755	1.02101761	1.04719755	1.0384709	
3.191271	1.04719755	1.02101761	1.04719755	1.0384709	
3.201407	1.04719755	1.02101761	1.04719755	1.0384709	
3.21153	1.04719755	1.02101761	1.04719755	1.0384709	
3.221656	1.04719755	1.02101761	1.04719755	1.0384709	
3.231784	1.04719755	1.02101761	1.04719755	1.0384709	
3.241933	1.04719755	1.02101761	1.04719755	1.0384709	
3.252003	1.04719755	1.02101761	1.04719755	1.0384709	
3.263373	1.04719755	1.02101761	1.04719755	1.0384709	
3.272358	1.04719755	1.02101761	1.04719755	1.0384709	
3.283117	1.04719755	1.02101761	1.04719755	1.0384709	
3.292556	1.04719755	1.02101761	1.04719755	1.0384709	
3.302713	1.04719755	1.02101761	1.04719755	1.0384709	
3.313212	1.04719755	1.02101761	1.04719755	1.0384709	
3.323006	1.04719755	1.02101761	1.04719755	1.0384709	
3.333163	1.04719755	1.02101761	1.04719755	1.0384709	
3.343259	1.04719755	1.02101761	1.04719755	1.0384709	
3.353441	1.04719755	1.02101761	1.04719755	1.0384709	
3.364577	1.04719755	1.02101761	1.04719755	1.0384709	
3.373698	1.04719755	1.02101761	1.04719755	1.0384709	
3.383835	1.04719755	1.02101761	1.04719755	1.0384709	
3.394036	1.04719755	1.02101761	1.04719755	1.0384709	
3.404111	1.04719755	1.02101761	1.04719755	1.0384709	
3.414556	1.04719755	1.02101761	1.04719755	1.0384709	
3.424346	1.04719755	1.02101761	1.04719755	1.0384709	
3.434478	1.04719755	1.02101761	1.04719755	1.0384709	
3.444565	1.04719755	1.02101761	1.04719755	1.0384709	
3.454697	1.04719755	1.02101761	1.04719755	1.0384709	
3.465827	1.04719755	1.02101761	1.04719755	1.0384709	
3.475072	1.04719755	1.02101761	1.04719755	1.0384709	
3.48519	1.04719755	1.02101761	1.04719755	1.0384709	
3.495299	1.04719755	1.02101761	1.04719755	1.0384709	
3.513329	1.04719755	1.02101761	1.04719755	1.0384709	
3.518	1.04719755	1.02101761	1.04719755	1.0384709	
3.528141	1.04719755	1.02101761	1.04719755	1.0384709	
3.538262	1.04719755	1.02101761	1.04719755	1.0384709	
3.548382	1.04719755	1.02101761	1.04719755	1.0384709	
3.558493	1.04719755	1.02101761	1.04719755	1.0384709	
3.569809	1.04719755	1.02101761	1.04719755	1.0384709	
3.579839	1.04719755	1.02101761	1.04719755	1.0384709	
3.589992	1.04719755	1.02101761	1.04719755	1.0384709	
3.600145	1.04719755	1.02101761	1.04719755	1.0384709	
3.610227	1.04719755	1.02101761	1.04719755	1.0384709	
3.620396	1.04719755	1.02101761	1.04719755	1.0384709	
3.630521	1.04719755	1.02101761	1.04719755	1.0384709	
3.640679	1.04719755	1.02101761	1.04719755	1.0384709	
3.65087	1.04719755	1.02101761	1.04719755	1.0384709	
3.660901	1.04719755	1.02101761	1.04719755	1.0384709	
3.671148	1.04719755	1.02101761	1.04719755	1.0384709	
3.681344	1.04719755	1.02101761	1.04719755	1.0384709	
3.691406	1.04719755	1.02101761	1.04719755	1.0384709	
3.701588	1.04719755	1.02101761	1.04719755	1.0384709	
3.711871	1.04719755	1.02101761	1.04719755	1.0384709	
3.721847	1.04719755	1.02101761	1.04719755	1.0384709	
3.731991	1.04719755	1.02101761	1.04719755	1.0384709	
3.74209	1.04719755	1.02101761	1.04719755	1.0384709	
3.752244	1.04719755	1.02101761	1.04719755	1.0384709	
3.762327	1.04719755	1.02101761	1.04719755	1.0384709	
3.772553	1.04719755	1.02101761	1.04719755	1.0384709	
3.78272	1.04719755	1.02101761	1.04719755	1.0384709	
3.792864	1.04719755	1.02101761	1.04719755	1.0384709	
3.802972	1.04719755	1.02101761	1.04719755	1.0384709	
3.813254	1.04719755	1.02101761	1.04719755	1.0384709	
3.823204	1.04719755	1.02101761	1.04719755	1.0384709	
3.833373	1.04719755	1.02101761	1.04719755	1.0384709	
3.843456	1.04719755	1.02101761	1.04719755	1.0384709	
3.853572	1.04719755	1.02101761	1.04719755	1.0384709	
3.863706	1.04719755	1.02101761	1.04719755	1.0384709	
3.87419	1.04719755	1.02101761	1.04719755	1.0384709	
3.884066	1.04719755	1.02101761	1.04719755	1.0384709	
3.8943	1.04719755	1.02101761	1.04719755	1.0384709	
3.904391	1.04719755	1.02101761	1.04719755	1.0384709	
3.914762	1.04719755	1.02101761	1.04719755	1.0384709	
3.935386	1.04719755	1.02101761	1.04719755	1.0384709	
3.939671	1.04719755	1.02101761	1.04719755	1.0384709	
3.949812	1.04719755	1.02101761	1.04719755	1.0384709	
3.959906	1.04719755	1.02101761	1.04719755	1.0384709	
3.970466	1.04719755	1.02101761	1.04719755	1.0384709	
3.980233	1.04719755	1.02101761	1.04719755	1.0384709	
3.990368	1.04719755	1.02101761	1.04719755	1.0384709	
4.000525	1.04719755	1.02101761	1.04719755	1.0384709	
4.010659	1.04719755	1.02101761	1.04719755	1.0384709	
4.020848	1.04719755	1.02101761	1.04719755	1.0384709	
4.03096	1.04719755	1.02101761	1.04719755	1.0384709	
4.050745	1.04719755	1.02101761	1.04719755	1.0384709	
4.05503	1.04719755	1.02101761	1.04719755	1.0384709	
4.065156	1.04719755	1.02101761	1.04719755	1.0384709	
4.076377	1.04719755	1.02101761	1.04719755	1.0384709	
4.086492	1.04719755	1.02101761	1.04719755	1.0384709	
4.096681	1.04719755	1.02101761	1.04719755	1.0384709	
4.106838	1.04719755	1.02101761	1.04719755	1.0384709	
4.116934	1.04719755	1.02101761	1.04719755	1.0384709	
4.127314	1.04719755	1.02101761	1.04719755	1.0384709	
4.137269	1.04719755	1.02101761	1.04719755	1.0384709	
4.147368	1.04719755	1.02101761	1.04719755	1.0384709	
4.157483	1.04719755	1.02101761	1.04719755	1.0384709	
4.167655	1.04719755	1.02101761	1.04719755	1.0384709	
4.177892	1.04719755	1.02101761	1.04719755	1.0384709	
4.189227	1.04719755	1.02101761	1.04719755	1.0384709	
4.198107	1.04719755	1.02101761	1.04719755	1.0384709	
4.208275	1.04719755	1.02101761	1.04719755	1.0384709	
4.218676	1.04719755	1.02101761	1.04719755	1.0384709	
4.228819	1.04719755	1.02101761	1.04719755	1.0384709	
4.238969	1.04719755	1.02101761	1.04719755	1.0384709	
4.249104	1.04719755	1.02101761	1.04719755	1.0384709	
4.259233	1.04719755	1.02101761	1.04719755	1.0384709	
4.269336	1.04719755	1.02101761	1.04719755	1.0384709	
4.279677	1.04719755	1.02101761	1.04719755	1.0384709	
4.289719	1.04719755	1.02101761	1.04719755	1.0384709	
4.299784	1.04719755	1.02101761	1.04719755	1.0384709	
4.309907	1.04719755	1.02101761	1.04719755	1.0384709	
4.32022	1.04719755	1.02101761	1.04719755	1.0384709	
4.330225	1.04719755	1.02101761	1.04719755	1.0384709	
4.340341	1.04719755	1.02101761	1.04719755	1.0384709	
4.350468	1.04719755	1.02101761	1.04719755	1.0384709	
4.360582	1.04719755	1.02101761	1.04719755	1.0384709	
4.370701	1.04719755	1.02101761	1.04719755	1.0384709	
4.381025	1.04719755	1.02101761	1.04719755	1.0384709	
4.391065	1.04719755	1.02101761	1.04719755	1.0384709	
4.401197	1.04719755	1.02101761	1.04719755	1.0384709	
4.411276	1.04719755	1.02101761	1.04719755	1.0384709	
4.421405	1.04719755	1.02101761	1.04719755	1.0384709	
4.431629	1.04719755	1.02101761	1.04719755	1.0384709	
4.441762	1.04719755	1.02101761	1.04719755	1.0384709	
4.451835	1.04719755	1.02101761	1.04719755	1.0384709	
4.461997	1.04719755	1.02101761	1.04719755	1.0384709	
4.472103	1.04719755	1.02101761	1.04719755	1.0384709	
4.482328	1.04719755	1.02101761	1.04719755	1.0384709	
4.492747	1.04719755	1.02101761	1.04719755	1.0384709	
4.502861	1.04719755	1.02101761	1.04719755	1.0384709	
4.512967	1.04719755	1.02101761	1.04719755	1.0384709	
4.523253	1.04719755	1.02101761	1.04719755	1.0384709	
4.533312	1.04719755	1.02101761	1.04719755	1.0384709	
4.543415	1.04719755	1.02101761	1.04719755	1.0384709	
4.553581	1.04719755	1.02101761	1.04719755	1.0384709	
4.563637	1.04719755	1.02101761	1.04719755	1.0384709	
4.573787	1.04719755	1.02101761	1.04719755	1.0384709	
4.584101	1.04719755	1.02101761	1.04719755	1.0384709	
4.594114	1.04719755	1.02101761	1.04719755	1.0384709	
4.604217	1.04719755	1.02101761	1.04719755	1.0384709	
4.614323	1.04719755	1.02101761	1.04719755	1.0384709	
4.624697	1.04719755	1.02101761	1.04719755	1.0384709	
4.642678	1.04719755	1.02101761	1.04719755	1.0384709	
4.646983	1.04719755	1.02101761	1.04719755	1.0384709	
4.657076	1.04719755	1.02101761	1.04719755	1.0384709	
4.667196	1.04719755	1.02101761	1.04719755	1.0384709	
4.677355	1.04719755	1.02101761	1.04719755	1.0384709	
4.687575	1.04719755	1.02101761	1.04719755	1.0384709	
4.697736	1.04719755	1.02101761	1.04719755	1.0384709	
4.707834	1.04719755	1.02101761	1.04719755	1.0384709	
4.717935	1.04719755	1.02101761	1.04719755	1.0384709	
4.728144	1.04719755	1.02101761	1.04719755	1.0384709	
4.738266	1.04719755	1.02101761	1.04719755	1.0384709	
4.748388	1.04719755	1.02101761	1.04719755	1.0384709	
4.758487	1.04719755	1.02101761	1.04719755	1.0384709	
4.768621	1.04719755	1.02101761	1.04719755	1.0384709	
4.77877	1.04719755	1.02101761	1.04719755	1.0384709	
4.788974	1.04719755	1.02101761	1.04719755	1.0384709	
4.799119	1.04719755	1.02101761	1.04719755	1.0384709	
4.809241	1.04719755	1.02101761	1.04719755	1.0384709	
4.81934	1.04719755	1.02101761	1.04719755	1.0384709	
4.829512	1.04719755	1.02101761	1.04719755	1.0384709	
4.839649	1.04719755	1.02101761	1.04719755	1.0384709	
4.849893	1.04719755	1.02101761	1.04719755	1.0384709	
4.859943	1.04719755	1.02101761	1.04719755	1.0384709	
4.870048	1.04719755	1.02101761	1.04719755	1.0384709	
4.880244	1.04719755	1.02101761	1.04719755	1.0384709	
4.890402	1.04719755	1.02101761	1.04719755	1.0384709	
4.900539	1.04719755	1.02101761	1.04719755	1.0384709	
4.910623	1.04719755	1.02101761	1.04719755	1.0384709	
4.92081	1.04719755	1.02101761	1.04719755	1.0384709	
4.93096	1.04719755	1.02101761	1.04719755	1.0384709	
4.94109	1.04719755	1.02101761	1.04719755	1.0384709	
4.951244	1.04719755	1.02101761	1.04719755	1.0384709	
4.961421	1.04719755	1.02101761	1.04719755	1.0384709	
4.971565	1.04719755	1.02101761	1.04719755	1.0384709	
4.981841	1.04719755	1.02101761	1.04719755	1.0384709	
4.9919	1.04719755	1.02101761	1.04719755	1.0384709	
5.001998	1.04719755	1.02101761	1.04719755	1.0384709	
5.012264	1.04719755	1.02101761	1.04719755	1.0384709	
5.022325	1.04719755	1.02101761	1.04719755	1.0384709	
5.032402	1.04719755	1.02101761	1.04719755	1.0384709	
5.042552	1.04719755	1.02101761	1.04719755	1.0384709	
5.052889	1.04719755	1.02101761	1.04719755	1.0384709	
5.062859	1.04719755	1.02101761	1.04719755	1.0384709	
5.072947	1.04719755	1.02101761	1.04719755	1.0384709	
5.084443	1.04719755	1.02101761	1.04719755	1.0384709	
5.09326	1.04719755	1.02101761	1.04719755	1.0384709	
5.1034	1.04719755	1.02101761	1.04719755	1.0384709	
5.113576	1.04719755	1.02101761	1.04719755	1.0384709	
5.12362	1.04719755	1.02101761	1.04719755	1.0384709	
5.133773	1.04719755	1.02101761	1.04719755	1.0384709	
5.143949	1.04719755	1.02101761	1.04719755	1.0384709	
5.154085	1.04719755	1.02101761	1.04719755	1.0384709	
5.164219	1.04719755	1.02101761	1.04719755	1.0384709	
5.174284	1.04719755	1.02101761	1.04719755	1.0384709	
5.185642	1.04719755	1.02101761	1.04719755	1.0384709	
5.194628	1.04719755	1.02101761	1.04719755	1.0384709	
5.204716	1.04719755	1.02101761	1.04719755	1.0384709	
5.214857	1.04719755	1.02101761	1.04719755	1.0384709	
5.224976	1.04719755	1.02101761	1.04719755	1.0384709	
5.235179	1.04719755	1.02101761	1.04719755	1.0384709	
5.245289	1.04719755	1.02101761	1.04719755	1.0384709	
5.263317	1.04719755	1.02101761	1.04719755	1.0384709	
5.267607	1.04719755	1.02101761	1.04719755	1.0384709	
5.277702	1.04719755	1.02101761	1.04719755	1.0384709	
5.288284	1.04719755	1.02101761	1.04719755	1.0384709	
5.298036	1.04719755	1.02101761	1.04719755	1.0384709	
5.308143	1.04719755	1.02101761	1.04719755	1.0384709	
5.318256	1.04719755	1.02101761	1.04719755	1.0384709	
5.328421	1.04719755	1.02101761	1.04719755	1.0384709	
5.338581	1.04719755	1.02101761	1.04719755	1.0384709	
5.348706	1.04719755	1.02101761	1.04719755	1.0384709	
5.35879	1.04719755	1.02101761	1.04719755	1.0384709	
5.368999	1.04719755	1.02101761	1.04719755	1.0384709	
5.379132	1.04719755	1.02101761	1.04719755	1.0384709	
5.389501	1.04719755	1.02101761	1.04719755	1.0384709	
5.399455	1.04719755	1.02101761	1.04719755	1.0384709	
5.40961	1.04719755	1.02101761	1.04719755	1.0384709	
5.419713	1.04719755	1.02101761	1.04719755	1.0384709	
5.429794	1.04719755	1.02101761	1.04719755	1.0384709	
5.439982	1.04719755	1.02101761	1.04719755	1.0384709	
5.450091	1.04719755	1.02101761	1.04719755	1.0384709	
5.46026	1.04719755	1.02101761	1.04719755	1.0384709	
5.470422	1.04719755	1.02101761	1.04719755	1.0384709	
5.480512	1.04719755	1.02101761	1.04719755	1.0384709	
5.499721	1.04719755	1.02101761	1.04719755	1.0384709	
5.504084	1.04719755	1.02101761	1.04719755	1.0384709	
5.514177	1.04719755	1.02101761	1.04719755	1.0384709	
5.524264	1.04719755	1.02101761	1.04719755	1.0384709	
5.534741	1.04719755	1.02101761	1.04719755	1.0384709	
5.544547	1.04719755	1.02101761	1.04719755	1.0384709	
5.554641	1.04719755	1.02101761	1.04719755	1.0384709	
5.564799	1.04719755	1.02101761	1.04719755	1.0384709	
5.57511	1.04719755	1.02101761	1.04719755	1.0384709	
5.585064	1.04719755	1.02101761	1.04719755	1.0384709	
5.595571	1.04719755	1.02101761	1.04719755	1.0384709	
5.605453	1.04719755	1.02101761	1.04719755	1.0384709	
5.61557	1.04719755	1.02101761	1.04719755	1.0384709	
5.625718	1.04719755	1.02101761	1.04719755	1.0384709	
5.636022	1.04719755	1.02101761	1.04719755	1.0384709	
5.64608	1.04719755	1.02101761	1.04719755	1.0384709	
5.656209	1.04719755	1.02101761	1.04719755	1.0384709	
5.66634	1.04719755	1.02101761	1.04719755	1.0384709	
5.676457	1.04719755	1.02101761	1.04719755	1.0384709	
5.686651	1.04719755	1.02101761	1.04719755	1.0384709	
5.697162	1.04719755	1.02101761	1.04719755	1.0384709	
5.706999	1.04719755	1.02101761	1.04719755	1.0384709	
5.717091	1.04719755	1.02101761	1.04719755	1.0384709	
5.727235	1.04719755	1.02101761	1.04719755	1.0384709	
5.737393	1.04719755	1.02101761	1.04719755	1.0384709	
5.747509	1.04719755	1.02101761	1.04719755	1.0384709	
5.757614	1.04719755	1.02101761	1.04719755	1.0384709	
5.767795	1.04719755	1.02101761	1.04719755	1.0384709	
5.777941	1.04719755	1.02101761	1.04719755	1.0384709	
5.788086	1.04719755	1.02101761	1.04719755	1.0384709	
5.798304	1.04719755	1.02101761	1.04719755	1.0384709	
5.808429	1.04719755	1.02101761	1.04719755	1.0384709	
5.818542	1.04719755	1.02101761	1.04719755	1.0384709	
5.82866	1.04719755	1.02101761	1.04719755	1.0384709	
5.838777	1.04719755	1.02101761	1.04719755	1.0384709	
5.848959	1.04719755	1.02101761	1.04719755	1.0384709	
5.859163	1.04719755	1.02101761	1.04719755	1.0384709	
5.86926	1.04719755	1.02101761	1.04719755	1.0384709	
5.879402	1.04719755	1.02101761	1.04719755	1.0384709	
5.88978	1.04719755	1.02101761	1.04719755	1.0384709	
5.900202	1.04719755	1.02101761	1.04719755	1.0384709	
5.910268	1.04719755	1.02101761	1.04719755	1.0384709	
5.920423	1.04719755	1.02101761	1.04719755	1.0384709	
5.9399	1.04719755	1.02101761	1.04719755	1.0384709	
5.944583	1.04719755	1.02101761	1.04719755	1.0384709	
5.954464	1.04719755	1.02101761	1.04719755	1.0384709	
5.964602	1.04719755	1.02101761	1.04719755	1.0384709	
5.974688	1.04719755	1.02101761	1.04719755	1.0384709	
5.984825	1.04719755	1.02101761	1.04719755	1.0384709	
5.995334	1.04719755	1.02101761	1.04719755	1.0384709	
6.00522	1.04719755	1.02101761	1.04719755	1.0384709	
6.015414	1.04719755	1.02101761	1.04719755	1.0384709	
6.033274	1.04719755	1.02101761	1.04719755	1.0384709	
6.0375	1.04719755	1.02101761	1.04719755	1.0384709	
6.04769	1.04719755	1.02101761	1.04719755	1.0384709	
6.057855	1.04719755	1.02101761	1.04719755	1.0384709	
6.067955	1.04719755	1.02101761	1.04719755	1.0384709	
6.078045	1.04719755	1.02101761	1.04719755	1.0384709	
6.088219	1.04719755	1.02101761	1.04719755	1.0384709	
6.099465	1.04719755	1.02101761	1.04719755	1.0384709	
6.1085	1.04719755	1.02101761	1.04719755	1.0384709	
6.118644	1.04719755	1.02101761	1.04719755	1.0384709	
6.128778	1.04719755	1.02101761	1.04719755	1.0384709	
6.138899	1.04719755	1.02101761	1.04719755	1.0384709	
6.149061	1.04719755	1.02101761	1.04719755	1.0384709	
6.159169	1.04719755	1.02101761	1.04719755	1.0384709	
6.16935	1.04719755	1.02101761	1.04719755	1.0384709	
6.179474	1.04719755	1.02101761	1.04719755	1.0384709	
6.189949	1.04719755	1.02101761	1.04719755	1.0384709	
6.200761	1.04719755	1.02101761	1.04719755	1.0384709	
6.20997	1.04719755	1.02101761	1.04719755	1.0384709	
6.220249	1.04719755	1.02101761	1.04719755	1.0384709	
6.23019	1.04719755	1.02101761	1.04719755	1.0384709	
6.24032	1.04719755	1.02101761	1.04719755	1.0384709	
6.250489	1.04719755	1.02101761	1.04719755	1.0384709	
6.260609	1.04719755	1.02101761	1.04719755	1.0384709	
6.270742	1.04719755	1.02101761	1.04719755	1.0384709	
6.280885	1.04719755	1.02101761	1.04719755	1.0384709	
6.300285	1.04719755	1.02101761	1.04719755	1.0384709	
6.30493	1.04719755	1.02101761	1.04719755	1.0384709	
6.314679	1.04719755	1.02101761	1.04719755	1.0384709	
6.324815	1.04719755	1.02101761	1.04719755	1.0384709	
6.334939	1.04719755	1.02101761	1.04719755	1.0384709	
6.345118	1.04719755	1.02101761	1.04719755	1.0384709	
6.35522	1.04719755	1.02101761	1.04719755	1.0384709	
6.365484	1.04719755	1.02101761	1.04719755	1.0384709	
6.375526	1.04719755	1.02101761	1.04719755	1.0384709	
6.38563	1.04719755	1.02101761	1.04719755	1.0384709	
6.396172	1.04719755	1.02101761	1.04719755	1.0384709	
6.406678	1.04719755	1.02101761	1.04719755	1.0384709	
6.41663	1.04719755	1.02101761	1.04719755	1.0384709	
6.426725	1.04719755	1.02101761	1.04719755	1.0384709	
6.436838	1.04719755	1.02101761	1.04719755	1.0384709	
6.446964	1.04719755	1.02101761	1.04719755	1.0384709	
6.457155	1.04719755	1.02101761	1.04719755	1.0384709	
6.467291	1.04719755	1.02101761	1.04719755	1.0384709	
6.477437	1.04719755	1.02101761	1.04719755	1.0384709	
6.487549	1.04719755	1.02101761	1.04719755	1.0384709	
6.497779	1.04719755	1.02101761	1.04719755	1.0384709	
6.5082	1.04719755	1.02101761	1.04719755	1.0384709	
6.518055	1.04719755	1.02101761	1.04719755	1.0384709	
6.528189	1.04719755	1.02101761	1.04719755	1.0384709	
6.538295	1.04719755	1.02101761	1.04719755	1.0384709	
6.548482	1.04719755	1.02101761	1.04719755	1.0384709	
6.558566	1.04719755	1.02101761	1.04719755	1.0384709	
6.568747	1.04719755	1.02101761	1.04719755	1.0384709	
6.578884	1.04719755	1.02101761	1.04719755	1.0384709	
6.588979	1.04719755	1.02101761	1.04719755	1.0384709	
6.599203	1.04719755	1.02101761	1.04719755	1.0384709	
6.609361	1.04719755	1.02101761	1.04719755	1.0384709	
6.619783	1.04719755	1.02101761	1.04719755	1.0384709	
6.629598	1.04719755	1.02101761	1.04719755	1.0384709	
6.639755	1.04719755	1.02101761	1.04719755	1.0384709	
6.649892	1.04719755	1.02101761	1.04719755	1.0384709	
6.659989	1.04719755	1.02101761	1.04719755	1.0384709	
6.670168	1.04719755	1.02101761	1.04719755	1.0384709	
6.680324	1.04719755	1.02101761	1.04719755	1.0384709	
6.690476	1.04719755	1.02101761	1.04719755	1.0384709	
6.700575	1.04719755	1.02101761	1.04719755	1.0384709	
6.710806	1.04719755	1.02101761	1.04719755	1.0384709	
6.720939	1.04719755	1.02101761	1.04719755	1.0384709	
6.731135	1.04719755	1.02101761	1.04719755	1.0384709	
6.741212	1.04719755	1.02101761	1.04719755	1.0384709	
6.751323	1.04719755	1.02101761	1.04719755	1.0384709	
6.761447	1.04719755	1.02101761	1.04719755	1.0384709	
6.771629	1.04719755	1.02101761	1.04719755	1.0384709	
6.781749	1.04719755	1.02101761	1.04719755	1.0384709	
6.791885	1.04719755	1.02101761	1.04719755	1.0384709	
6.801995	1.04719755	1.02101761	1.04719755	1.0384709	
6.812248	1.04719755	1.02101761	1.04719755	1.0384709	
6.82245	1.04719755	1.02101761	1.04719755	1.0384709	
6.832533	1.04719755	1.02101761	1.04719755	1.0384709	
6.842659	1.04719755	1.02101761	1.04719755	1.0384709	
6.853113	1.04719755	1.02101761	1.04719755	1.0384709	
6.862886	1.04719755	1.02101761	1.04719755	1.0384709	
6.87305	1.04719755	1.02101761	1.04719755	1.0384709	
6.883239	1.04719755	1.02101761	1.04719755	1.0384709	
6.893272	1.04719755	1.02101761	1.04719755	1.0384709	
6.903433	1.04719755	1.02101761	1.04719755	1.0384709	
6.913975	1.04719755	1.02101761	1.04719755	1.0384709	
6.924032	1.04719755	1.02101761	1.04719755	1.0384709	
6.934121	1.04719755	1.02101761	1.04719755	1.0384709	
6.944268	1.04719755	1.02101761	1.04719755	1.0384709	
6.954562	1.04719755	1.02101761	1.04719755	1.0384709	
6.964493	1.04719755	1.02101761	1.04719755	1.0384709	
6.974587	1.04719755	1.02101761	1.04719755	1.0384709	
6.984737	1.04719755	1.02101761	1.04719755	1.0384709	
6.994835	1.04719755	1.02101761	1.04719755	1.0384709	
7.004989	1.04719755	1.02101761	1.04719755	1.0384709	
7.015254	1.04719755	1.02101761	1.04719755	1.0384709	
7.025303	1.04719755	1.02101761	1.04719755	1.0384709	
7.043334	1.04719755	1.02101761	1.04719755	1.0384709	
7.047583	1.04719755	1.02101761	1.04719755	1.0384709	
7.057843	1.04719755	1.02101761	1.04719755	1.0384709	
7.067877	1.04719755	1.02101761	1.04719755	1.0384709	
7.078022	1.04719755	1.02101761	1.04719755	1.0384709	
7.088164	1.04719755	1.02101761	1.04719755	1.0384709	
7.098272	1.04719755	1.02101761	1.04719755	1.0384709	
7.1094	1.04719755	1.02101761	1.04719755	1.0384709	
7.118636	1.04719755	1.02101761	1.04719755	1.0384709	
7.128754	1.04719755	1.02101761	1.04719755	1.0384709	
7.138922	1.04719755	1.02101761	1.04719755	1.0384709	
7.149007	1.04719755	1.02101761	1.04719755	1.0384709	
7.15917	1.04719755	1.02101761	1.04719755	1.0384709	
7.169338	1.04719755	1.02101761	1.04719755	1.0384709	
7.179464	1.04719755	1.02101761	1.04719755	1.0384709	
7.189591	1.04719755	1.02101761	1.04719755	1.0384709	
7.199712	1.04719755	1.02101761	1.04719755	1.0384709	
7.210607	1.04719755	1.02101761	1.04719755	1.0384709	
7.220058	1.04719755	1.02101761	1.04719755	1.0384709	
7.230157	1.04719755	1.02101761	1.04719755	1.0384709	
7.240305	1.04719755	1.02101761	1.04719755	1.0384709	
7.250429	1.04719755	1.02101761	1.04719755	1.0384709	
7.260583	1.04719755	1.02101761	1.04719755	1.0384709	
7.270699	1.04719755	1.02101761	1.04719755	1.0384709	
7.280847	1.04719755	1.02101761	1.04719755	1.0384709	
7.291026	1.04719755	1.02101761	1.04719755	1.0384709	
7.301104	1.04719755	1.02101761	1.04719755	1.0384709	
7.311967	1.04719755	1.02101761	1.04719755	1.0384709	
7.32145	1.04719755	1.02101761	1.04719755	1.0384709	
7.331667	1.04719755	1.02101761	1.04719755	1.0384709	
7.341755	1.04719755	1.02101761	1.04719755	1.0384709	
7.351899	1.04719755	1.02101761	1.04719755	1.0384709	
7.362054	1.04719755	1.02101761	1.04719755	1.0384709	
7.372157	1.04719755	1.02101761	1.04719755	1.0384709	
7.382281	1.04719755	1.02101761	1.04719755	1.0384709	
7.392419	1.04719755	1.02101761	1.04719755	1.0384709	
7.402551	1.04719755	1.02101761	1.04719755	1.0384709	
7.413154	1.04719755	1.02101761	1.04719755	1.0384709	
7.423005	1.04719755	1.02101761	1.04719755	1.0384709	
7.433	1.04719755	1.02101761	1.04719755	1.0384709	
7.443121	1.04719755	1.02101761	1.04719755	1.0384709	
7.453203	1.04719755	1.02101761	1.04719755	1.0384709	
7.463555	1.04719755	1.02101761	1.04719755	1.0384709	
7.473709	1.04719755	1.02101761	1.04719755	1.0384709	
7.483792	1.04719755	1.02101761	1.04719755	1.0384709	
7.493975	1.04719755	1.02101761	1.04719755	1.0384709	
7.504087	1.04719755	1.02101761	1.04719755	1.0384709	
7.515672	1.04719755	1.02101761	1.04719755	1.0384709	
7.524638	1.04719755	1.02101761	1.04719755	1.0384709	
7.534725	1.04719755	1.02101761	1.04719755	1.0384709	
7.544869	1.04719755	1.02101761	1.04719755	1.0384709	
7.554961	1.04719755	1.02101761	1.04719755	1.0384709	
7.565167	1.04719755	1.02101761	1.04719755	1.0384709	
7.575295	1.04719755	1.02101761	1.04719755	1.0384709	
7.585465	1.04719755	1.02101761	1.04719755	1.0384709	
7.595541	1.04719755	1.02101761	1.04719755	1.0384709	
7.605652	1.04719755	1.02101761	1.04719755	1.0384709	
7.616952	1.04719755	1.02101761	1.04719755	1.0384709	
7.626215	1.04719755	1.02101761	1.04719755	1.0384709	
7.636296	1.04719755	1.02101761	1.04719755	1.0384709	
7.64644	1.04719755	1.02101761	1.04719755	1.0384709	
7.656578	1.04719755	1.02101761	1.04719755	1.0384709	
7.666764	1.04719755	1.02101761	1.04719755	1.0384709	
7.676834	1.04719755	1.02101761	1.04719755	1.0384709	
7.687062	1.04719755	1.02101761	1.04719755	1.0384709	
7.697252	1.04719755	1.02101761	1.04719755	1.0384709	
7.707381	1.04719755	1.02101761	1.04719755	1.0384709	
7.718211	1.04719755	1.02101761	1.04719755	1.0384709	
7.727693	1.04719755	1.02101761	1.04719755	1.0384709	
7.737896	1.04719755	1.02101761	1.04719755	1.0384709	
7.747943	1.04719755	1.02101761	1.04719755	1.0384709	
7.758056	1.04719755	1.02101761	1.04719755	1.0384709	
7.768487	1.04719755	1.02101761	1.04719755	1.0384709	
7.778386	1.04719755	1.02101761	1.04719755	1.0384709	
7.788502	1.04719755	1.02101761	1.04719755	1.0384709	
7.798631	1.04719755	1.02101761	1.04719755	1.0384709	
7.808768	1.04719755	1.02101761	1.04719755	1.0384709	
7.819464	1.04719755	1.02101761	1.04719755	1.0384709	
7.829086	1.04719755	1.02101761	1.04719755	1.0384709	
7.839172	1.04719755	1.02101761	1.04719755	1.0384709	
7.849357	1.04719755	1.02101761	1.04719755	1.0384709	
7.859465	1.04719755	1.02101761	1.04719755	1.0384709	
7.869634	1.04719755	1.02101761	1.04719755	1.0384709	
7.879795	1.04719755	1.02101761	1.04719755	1.0384709	
7.889974	1.04719755	1.02101761	1.04719755	1.0384709	
7.900094	1.04719755	1.02101761	1.04719755	1.0384709	
7.910173	1.04719755	1.02101761	1.04719755	1.0384709	
7.920736	1.04719755	1.02101761	1.04719755	1.0384709	
7.940048	1.04719755	1.02101761	1.04719755	1.0384709	
7.944303	1.04719755	1.02101761	1.04719755	1.0384709	
7.954441	1.04719755	1.02101761	1.04719755	1.0384709	
7.964814	1.04719755	1.02101761	1.04719755	1.0384709	
7.974747	1.04719755	1.02101761	1.04719755	1.0384709	
7.984872	1.04719755	1.02101761	1.04719755	1.0384709	
7.994996	1.04719755	1.02101761	1.04719755	1.0384709	
8.005075	1.04719755	1.02101761	1.04719755	1.0384709	
8.015403	1.04719755	1.02101761	1.04719755	1.0384709	
8.033332	1.04719755	1.02101761	1.04719755	1.0384709	
8.037645	1.04719755	1.02101761	1.04719755	1.0384709	
8.047784	1.04719755	1.02101761	1.04719755	1.0384709	
8.057959	1.04719755	1.02101761	1.04719755	1.0384709	
8.068077	1.04719755	1.02101761	1.04719755	1.0384709	
8.078174	1.04719755	1.02101761	1.04719755	1.0384709	
8.088333	1.04719755	1.02101761	1.04719755	1.0384709	
8.098437	1.04719755	1.02101761	1.04719755	1.0384709	
8.108553	1.04719755	1.02101761	1.04719755	1.0384709	
8.118705	1.04719755	1.02101761	1.04719755	1.0384709	
8.128921	1.04719755	1.02101761	1.04719755	1.0384709	
8.139419	1.04719755	1.02101761	1.04719755	1.0384709	
8.149169	1.04719755	1.02101761	1.04719755	1.0384709	
8.159284	1.04719755	1.02101761	1.04719755	1.0384709	
8.169469	1.04719755	1.02101761	1.04719755	1.0384709	
8.179596	1.04719755	1.02101761	1.04719755	1.0384709	
8.189763	1.04719755	1.02101761	1.04719755	1.0384709	
8.200127	1.04719755	1.02101761	1.04719755	1.0384709	
8.210128	1.04719755	1.02101761	1.04719755	1.0384709	
8.220275	1.04719755	1.02101761	1.04719755	1.0384709	
8.230542	1.04719755	1.02101761	1.04719755	1.0384709	
8.240629	1.04719755	1.02101761	1.04719755	1.0384709	
8.250725	1.04719755	1.02101761	1.04719755	1.0384709	
8.260864	1.04719755	1.02101761	1.04719755	1.0384709	
8.270991	1.04719755	1.02101761	1.04719755	1.0384709	
8.281139	1.04719755	1.02101761	1.04719755	1.0384709	
8.292314	1.04719755	1.02101761	1.04719755	1.0384709	
8.302385	1.04719755	1.02101761	1.04719755	1.0384709	
8.312538	1.04719755	1.02101761	1.04719755	1.0384709	
8.32422	1.04719755	1.02101761	1.04719755	1.0384709	
8.332887	1.04719755	1.02101761	1.04719755	1.0384709	
8.342979	1.04719755	1.02101761	1.04719755	1.0384709	
8.353075	1.04719755	1.02101761	1.04719755	1.0384709	
8.363241	1.04719755	1.02101761	1.04719755	1.0384709	
8.373357	1.04719755	1.02101761	1.04719755	1.0384709	
8.383514	1.04719755	1.02101761	1.04719755	1.0384709	
8.39379	1.04719755	1.02101761	1.04719755	1.0384709	
8.403767	1.04719755	1.02101761	1.04719755	1.0384709	
8.41385	1.04719755	1.02101761	1.04719755	1.0384709	
8.432399	1.04719755	1.02101761	1.04719755	1.0384709	
8.436718	1.04719755	1.02101761	1.04719755	1.0384709	
8.44681	1.04719755	1.02101761	1.04719755	1.0384709	
8.456993	1.04719755	1.02101761	1.04719755	1.0384709	
8.467089	1.04719755	1.02101761	1.04719755	1.0384709	
8.477274	1.04719755	1.02101761	1.04719755	1.0384709	
8.487439	1.04719755	1.02101761	1.04719755	1.0384709	
8.497577	1.04719755	1.02101761	1.04719755	1.0384709	
8.507703	1.04719755	1.02101761	1.04719755	1.0384709	
8.517785	1.04719755	1.02101761	1.04719755	1.0384709	
8.529103	1.04719755	1.02101761	1.04719755	1.0384709	
8.538169	1.04719755	1.02101761	1.04719755	1.0384709	
8.54826	1.04719755	1.02101761	1.04719755	1.0384709	
8.558335	1.04719755	1.02101761	1.04719755	1.0384709	
8.568512	1.04719755	1.02101761	1.04719755	1.0384709	
8.578654	1.04719755	1.02101761	1.04719755	1.0384709	
8.58877	1.04719755	1.02101761	1.04719755	1.0384709	
8.598901	1.04719755	1.02101761	1.04719755	1.0384709	
8.609047	1.04719755	1.02101761	1.04719755	1.0384709	
8.619172	1.04719755	1.02101761	1.04719755	1.0384709	
8.630731	1.04719755	1.02101761	1.04719755	1.0384709	
8.639475	1.04719755	1.02101761	1.04719755	1.0384709	
8.649611	1.04719755	1.02101761	1.04719755	1.0384709	
8.659696	1.04719755	1.02101761	1.04719755	1.0384709	
8.669834	1.04719755	1.02101761	1.04719755	1.0384709	
8.680008	1.04719755	1.02101761	1.04719755	1.0384709	
8.690184	1.04719755	1.02101761	1.04719755	1.0384709	
8.700275	1.04719755	1.02101761	1.04719755	1.0384709	
8.710451	1.04719755	1.02101761	1.04719755	1.0384709	
8.720558	1.04719755	1.02101761	1.04719755	1.0384709	
8.732065	1.04719755	1.02101761	1.04719755	1.0384709	
8.740847	1.04719755	1.02101761	1.04719755	1.0384709	
8.750968	1.04719755	1.02101761	1.04719755	1.0384709	
8.761073	1.04719755	1.02101761	1.04719755	1.0384709	
8.77119	1.04719755	1.02101761	1.04719755	1.0384709	
8.781374	1.04719755	1.02101761	1.04719755	1.0384709	
8.791571	1.04719755	1.02101761	1.04719755	1.0384709	
8.801644	1.04719755	1.02101761	1.04719755	1.0384709	
8.811809	1.04719755	1.02101761	1.04719755	1.0384709	
8.821985	1.04719755	1.02101761	1.04719755	1.0384709	
8.833348	1.04719755	1.02101761	1.04719755	1.0384709	
8.842242	1.04719755	1.02101761	1.04719755	1.0384709	
8.852348	1.04719755	1.02101761	1.04719755	1.0384709	
8.862437	1.04719755	1.02101761	1.04719755	1.0384709	
8.872586	1.04719755	1.02101761	1.04719755	1.0384709	
8.8827	1.04719755	1.02101761	1.04719755	1.0384709	
8.892851	1.04719755	1.02101761	1.04719755	1.0384709	
8.902973	1.04719755	1.02101761	1.04719755	1.0384709	
8.913048	1.04719755	1.02101761	1.04719755	1.0384709	
8.923371	1.04719755	1.02101761	1.04719755	1.0384709	
8.934434	1.04719755	1.02101761	1.04719755	1.0384709	
8.943513	1.04719755	1.02101761	1.04719755	1.0384709	
8.953605	1.04719755	1.02101761	1.04719755	1.0384709	
8.963711	1.04719755	1.02101761	1.04719755	1.0384709	
8.973861	1.04719755	1.02101761	1.04719755	1.0384709	
8.991831	1.04719755	1.02101761	1.04719755	1.0384709	
8.996109	1.04719755	1.02101761	1.04719755	1.0384709	
9.006244	1.04719755	1.02101761	1.04719755	1.0384709	
9.016457	1.04719755	1.02101761	1.04719755	1.0384709	
9.026545	1.04719755	1.02101761	1.04719755	1.0384709	
9.036797	1.04719755	1.02101761	1.04719755	1.0384709	
9.048638	1.04719755	1.02101761	1.04719755	1.0384709	
9.058681	1.04719755	1.02101761	1.04719755	1.0384709	
9.068783	1.04719755	1.02101761	1.04719755	1.0384709	
9.07891	1.04719755	1.02101761	1.04719755	1.0384709	
9.089097	1.04719755	1.02101761	1.04719755	1.0384709	
9.099231	1.04719755	1.02101761	1.04719755	1.0384709	
9.109365	1.04719755	1.02101761	1.04719755	1.0384709	
9.119505	1.04719755	1.02101761	1.04719755	1.0384709	
9.129653	1.04719755	1.02101761	1.04719755	1.0384709	
9.140182	1.04719755	1.02101761	1.04719755	1.0384709	
9.150272	1.04719755	1.02101761	1.04719755	1.0384709	
9.160366	1.04719755	1.02101761	1.04719755	1.0384709	
9.170544	1.04719755	1.02101761	1.04719755	1.0384709	
9.180638	1.04719755	1.02101761	1.04719755	1.0384709	
9.190804	1.04719755	1.02101761	1.04719755	1.0384709	
9.210211	1.04719755	1.02101761	1.04719755	1.0384709	
9.214507	1.04719755	1.02101761	1.04719755	1.0384709	
9.224624	1.04719755	1.02101761	1.04719755	1.0384709	
9.235151	1.04719755	1.02101761	1.04719755	1.0384709	
9.244961	1.04719755	1.02101761	1.04719755	1.0384709	
9.255052	1.04719755	1.02101761	1.04719755	1.0384709	
9.265189	1.04719755	1.02101761	1.04719755	1.0384709	
9.27536	1.04719755	1.02101761	1.04719755	1.0384709	
9.294375	1.04719755	1.02101761	1.04719755	1.0384709	
9.298652	1.04719755	1.02101761	1.04719755	1.0384709	
9.308774	1.04719755	1.02101761	1.04719755	1.0384709	
9.318864	1.04719755	1.02101761	1.04719755	1.0384709	
9.329202	1.04719755	1.02101761	1.04719755	1.0384709	
9.340428	1.04719755	1.02101761	1.04719755	1.0384709	
9.350496	1.04719755	1.02101761	1.04719755	1.0384709	
9.360635	1.04719755	1.02101761	1.04719755	1.0384709	
9.370772	1.04719755	1.02101761	1.04719755	1.0384709	
9.380866	1.04719755	1.02101761	1.04719755	1.0384709	
9.391046	1.04719755	1.02101761	1.04719755	1.0384709	
9.401372	1.04719755	1.02101761	1.04719755	1.0384709	
9.411554	1.04719755	1.02101761	1.04719755	1.0384709	
9.421648	1.04719755	1.02101761	1.04719755	1.0384709	
9.432002	1.04719755	1.02101761	1.04719755	1.0384709	
9.442899	1.04719755	1.02101761	1.04719755	1.0384709	
9.452382	1.04719755	1.02101761	1.04719755	1.0384709	
9.462541	1.04719755	1.02101761	1.04719755	1.0384709	
9.472731	1.04719755	1.02101761	1.04719755	1.0384709	
9.483112	1.04719755	1.02101761	1.04719755	1.0384709	
9.492953	1.04719755	1.02101761	1.04719755	1.0384709	
9.503052	1.04719755	1.02101761	1.04719755	1.0384709	
9.513195	1.04719755	1.02101761	1.04719755	1.0384709	
9.523353	1.04719755	1.02101761	1.04719755	1.0384709	
9.533447	1.04719755	1.02101761	1.04719755	1.0384709	
9.543686	1.04719755	1.02101761	1.04719755	1.0384709	
9.553745	1.04719755	1.02101761	1.04719755	1.0384709	
9.563879	1.04719755	1.02101761	1.04719755	1.0384709	
9.574059	1.04719755	1.02101761	1.04719755	1.0384709	
9.584525	1.04719755	1.02101761	1.04719755	1.0384709	
9.594331	1.04719755	1.02101761	1.04719755	1.0384709	
9.604415	1.04719755	1.02101761	1.04719755	1.0384709	
9.614539	1.04719755	1.02101761	1.04719755	1.0384709	
9.624695	1.04719755	1.02101761	1.04719755	1.0384709	
9.634838	1.04719755	1.02101761	1.04719755	1.0384709	
9.645342	1.04719755	1.02101761	1.04719755	1.0384709	
9.65509	1.04719755	1.02101761	1.04719755	1.0384709	
9.665244	1.04719755	1.02101761	1.04719755	1.0384709	
9.675465	1.04719755	1.02101761	1.04719755	1.0384709	
9.685954	1.04719755	1.02101761	1.04719755	1.0384709	
9.695969	1.04719755	1.02101761	1.04719755	1.0384709	
9.706196	1.04719755	1.02101761	1.04719755	1.0384709	
9.716257	1.04719755	1.02101761	1.04719755	1.0384709	
9.72636	1.04719755	1.02101761	1.04719755	1.0384709	
9.73654	1.04719755	1.02101761	1.04719755	1.0384709	
9.746933	1.04719755	1.02101761	1.04719755	1.0384709	
9.756832	1.04719755	1.02101761	1.04719755	1.0384709	
9.766987	1.04719755	1.02101761	1.04719755	1.0384709	
9.777142	1.04719755	1.02101761	1.04719755	1.0384709	
9.787234	1.04719755	1.02101761	1.04719755	1.0384709	
9.797423	1.04719755	1.02101761	1.04719755	1.0384709	
9.807581	1.04719755	1.02101761	1.04719755	1.0384709	
9.817717	1.04719755	1.02101761	1.04719755	1.0384709	
9.827818	1.04719755	1.02101761	1.04719755	1.0384709	
9.83792	1.04719755	1.02101761	1.04719755	1.0384709	
9.848174	1.04719755	1.02101761	1.04719755	1.0384709	
9.858333	1.04719755	1.02101761	1.04719755	1.0384709	
9.868697	1.04719755	1.02101761	1.04719755	1.0384709	
9.878801	1.04719755	1.02101761	1.04719755	1.0384709	
9.888926	1.04719755	1.02101761	1.04719755	1.0384709	
9.899294	1.04719755	1.02101761	1.04719755	1.0384709	
9.909189	1.04719755	1.02101761	1.04719755	1.0384709	
9.91931	1.04719755	1.02101761	1.04719755	1.0384709	
9.939674	1.04719755	1.02101761	1.04719755	1.0384709	
9.952401	1.04719755	1.02101761	1.04719755	1.0384709	
9.956679	1.04719755	1.02101761	1.04719755	1.0384709	
9.96688	1.04719755	1.02101761	1.04719755	1.0384709	
9.976983	1.04719755	1.02101761	1.04719755	1.0384709	
9.987082	1.04719755	1.02101761	1.04719755	1.0384709	
9.997248	1.04719755	1.02101761	1.04719755	1.0384709	
10.00737	1.04719755	1.02101761	1.04719755	1.0384709	
10.01759	1.04719755	1.02101761	1.04719755	1.0384709	
10.02773	1.04719755	1.02101761	1.04719755	1.0384709	
10.03783	1.04719755	1.02101761	1.04719755	1.0384709	
10.04839	1.04719755	1.02101761	1.04719755	1.0384709	
10.05825	1.04719755	1.02101761	1.04719755	1.0384709	
10.06832	1.04719755	1.02101761	1.04719755	1.0384709	
10.07839	1.04719755	1.02101761	1.04719755	1.0384709	
10.08853	1.04719755	1.02101761	1.04719755	1.0384709	
10.09871	1.04719755	1.02101761	1.04719755	1.0384709	
10.10883	1.04719755	1.02101761	1.04719755	1.0384709	
10.11896	1.04719755	1.02101761	1.04719755	1.0384709	
10.1291	1.04719755	1.02101761	1.04719755	1.0384709	
10.13922	1.04719755	1.02101761	1.04719755	1.0384709	
10.14965	1.04719755	1.02101761	1.04719755	1.0384709	
10.15952	1.04719755	1.02101761	1.04719755	1.0384709	
10.16969	1.04719755	1.02101761	1.04719755	1.0384709	
10.17981	1.04719755	1.02101761	1.04719755	1.0384709	
10.1899	1.04719755	1.02101761	1.04719755	1.0384709	
10.20128	1.04719755	1.02101761	1.04719755	1.0384709	
10.21026	1.04719755	1.02101761	1.04719755	1.0384709	
10.22034	1.04719755	1.02101761	1.04719755	1.0384709	
10.23047	1.04719755	1.02101761	1.04719755	1.0384709	
10.24057	1.04719755	1.02101761	1.04719755	1.0384709	
10.25121	1.04719755	1.02101761	1.04719755	1.0384709	
10.26097	1.04719755	1.02101761	1.04719755	1.0384709	
10.27109	1.04719755	1.02101761	1.04719755	1.0384709	
10.28125	1.04719755	1.02101761	1.04719755	1.0384709	
10.29207	1.04719755	1.02101761	1.04719755	1.0384709	
10.30147	1.04719755	1.02101761	1.04719755	1.0384709	
10.31163	1.04719755	1.02101761	1.04719755	1.0384709	
10.32172	1.04719755	1.02101761	1.04719755	1.0384709	
10.33192	1.04719755	1.02101761	1.04719755	1.0384709	
10.34201	1.04719755	1.02101761	1.04719755	1.0384709	
10.35328	1.04719755	1.02101761	1.04719755	1.0384709	
10.36346	1.04719755	1.02101761	1.04719755	1.0384709	
10.37356	1.04719755	1.02101761	1.04719755	1.0384709	
10.38367	1.04719755	1.02101761	1.04719755	1.0384709	
10.39381	1.04719755	1.02101761	1.04719755	1.0384709	
10.40402	1.04719755	1.02101761	1.04719755	1.0384709	
10.41412	1.04719755	1.02101761	1.04719755	1.0384709	
10.42421	1.04719755	1.02101761	1.04719755	1.0384709	
10.43437	1.04719755	1.02101761	1.04719755	1.0384709	
10.44473	1.04719755	1.02101761	1.04719755	1.0384709	
10.45498	1.04719755	1.02101761	1.04719755	1.0384709	
10.46479	1.04719755	1.02101761	1.04719755	1.0384709	
10.47491	1.04719755	1.02101761	1.04719755	1.0384709	
10.48501	1.04719755	1.02101761	1.04719755	1.0384709	
10.49518	1.04719755	1.02101761	1.04719755	1.0384709	
10.50529	1.04719755	1.02101761	1.04719755	1.0384709	
10.51552	1.04719755	1.02101761	1.04719755	1.0384709	
10.52556	1.04719755	1.02101761	1.04719755	1.0384709	
10.53565	1.04719755	1.02101761	1.04719755	1.0384709	
10.54606	1.04719755	1.02101761	1.04719755	1.0384709	
10.55647	1.04719755	1.02101761	1.04719755	1.0384709	
10.56631	1.04719755	1.02101761	1.04719755	1.0384709	
10.57643	1.04719755	1.02101761	1.04719755	1.0384709	
10.58656	1.04719755	1.02101761	1.04719755	1.0384709	
10.59673	1.04719755	1.02101761	1.04719755	1.0384709	
10.60686	1.04719755	1.02101761	1.04719755	1.0384709	
10.61706	1.04719755	1.02101761	1.04719755	1.0384709	
10.62716	1.04719755	1.02101761	1.04719755	1.0384709	
10.63725	1.04719755	1.02101761	1.04719755	1.0384709	
10.64743	1.04719755	1.02101761	1.04719755	1.0384709	
10.65784	1.04719755	1.02101761	1.04719755	1.0384709	
10.66777	1.04719755	1.02101761	1.04719755	1.0384709	
10.67785	1.04719755	1.02101761	1.04719755	1.0384709	
10.688	1.04719755	1.02101761	1.04719755	1.0384709	
10.69822	1.04719755	1.02101761	1.04719755	1.0384709	
10.70831	1.04719755	1.02101761	1.04719755	1.0384709	
10.71842	1.04719755	1.02101761	1.04719755	1.0384709	
10.72857	1.04719755	1.02101761	1.04719755	1.0384709	
10.73872	1.04719755	1.02101761	1.04719755	1.0384709	
10.74881	1.04719755	1.02101761	1.04719755	1.0384709	
10.75914	1.04719755	1.02101761	1.04719755	1.0384709	
10.76916	1.04719755	1.02101761	1.04719755	1.0384709	
10.77929	1.04719755	1.02101761	1.04719755	1.0384709	
10.78943	1.04719755	1.02101761	1.04719755	1.0384709	
10.79956	1.04719755	1.02101761	1.04719755	1.0384709	
10.80974	1.04719755	1.02101761	1.04719755	1.0384709	
10.81984	1.04719755	1.02101761	1.04719755	1.0384709	
10.82998	1.04719755	1.02101761	1.04719755	1.0384709	
10.84012	1.04719755	1.02101761	1.04719755	1.0384709	
10.85028	1.04719755	1.02101761	1.04719755	1.0384709	
10.86049	1.04719755	1.02101761	1.04719755	1.0384709	
10.87056	1.04719755	1.02101761	1.04719755	1.0384709	
10.8807	1.04719755	1.02101761	1.04719755	1.0384709	
10.89084	1.04719755	1.02101761	1.04719755	1.0384709	
10.90097	1.04719755	1.02974426	1.04719755	1.0384709	
10.91108	1.04719755	1.02974426	1.04719755	1.0384709	
10.92126	1.04719755	1.0384709	1.04719755	1.0384709	
10.93143	1.04719755	1.0384709	1.04719755	1.0384709	
10.94158	1.04719755	1.04719755	1.04719755	1.0384709	
10.95191	1.04719755	1.04719755	1.04719755	1.0384709	
